{"C:\\Users\\99943\\Desktop\\651repo\\memo-minder\\memo-backend\\app.js": {"path":"C:\\Users\\99943\\Desktop\\651repo\\memo-minder\\memo-backend\\app.js","statementMap":{"0":{"start":{"line":1,"column":15},"end":{"line":1,"column":40}},"1":{"start":{"line":2,"column":16},"end":{"line":2,"column":34}},"2":{"start":{"line":3,"column":0},"end":{"line":3,"column":31}},"3":{"start":{"line":4,"column":12},"end":{"line":4,"column":21}},"4":{"start":{"line":5,"column":13},"end":{"line":5,"column":28}},"5":{"start":{"line":6,"column":13},"end":{"line":6,"column":28}},"6":{"start":{"line":9,"column":20},"end":{"line":9,"column":50}},"7":{"start":{"line":10,"column":20},"end":{"line":10,"column":50}},"8":{"start":{"line":11,"column":21},"end":{"line":11,"column":52}},"9":{"start":{"line":12,"column":22},"end":{"line":12,"column":54}},"10":{"start":{"line":13,"column":20},"end":{"line":13,"column":50}},"11":{"start":{"line":14,"column":22},"end":{"line":14,"column":54}},"12":{"start":{"line":15,"column":24},"end":{"line":15,"column":58}},"13":{"start":{"line":16,"column":23},"end":{"line":16,"column":56}},"14":{"start":{"line":17,"column":19},"end":{"line":17,"column":48}},"15":{"start":{"line":19,"column":19},"end":{"line":19,"column":48}},"16":{"start":{"line":20,"column":17},"end":{"line":20,"column":36}},"17":{"start":{"line":22,"column":0},"end":{"line":28,"column":1}},"18":{"start":{"line":23,"column":4},"end":{"line":23,"column":46}},"19":{"start":{"line":24,"column":4},"end":{"line":24,"column":46}},"20":{"start":{"line":26,"column":4},"end":{"line":26,"column":41}},"21":{"start":{"line":27,"column":4},"end":{"line":27,"column":52}},"22":{"start":{"line":30,"column":0},"end":{"line":30,"column":15}},"23":{"start":{"line":31,"column":0},"end":{"line":31,"column":23}},"24":{"start":{"line":34,"column":0},"end":{"line":34,"column":55}},"25":{"start":{"line":36,"column":0},"end":{"line":38,"column":3}},"26":{"start":{"line":37,"column":4},"end":{"line":37,"column":62}},"27":{"start":{"line":40,"column":0},"end":{"line":40,"column":34}},"28":{"start":{"line":41,"column":0},"end":{"line":41,"column":34}},"29":{"start":{"line":42,"column":0},"end":{"line":42,"column":36}},"30":{"start":{"line":43,"column":0},"end":{"line":43,"column":38}},"31":{"start":{"line":44,"column":0},"end":{"line":44,"column":34}},"32":{"start":{"line":45,"column":0},"end":{"line":45,"column":38}},"33":{"start":{"line":46,"column":0},"end":{"line":46,"column":40}},"34":{"start":{"line":47,"column":0},"end":{"line":47,"column":40}},"35":{"start":{"line":48,"column":0},"end":{"line":48,"column":32}},"36":{"start":{"line":51,"column":0},"end":{"line":53,"column":2}},"37":{"start":{"line":52,"column":4},"end":{"line":52,"column":61}},"38":{"start":{"line":55,"column":0},"end":{"line":55,"column":32}},"39":{"start":{"line":57,"column":0},"end":{"line":57,"column":20}}},"fnMap":{"0":{"name":"(anonymous_0)","decl":{"start":{"line":36,"column":13},"end":{"line":36,"column":14}},"loc":{"start":{"line":36,"column":33},"end":{"line":38,"column":1}},"line":36},"1":{"name":"(anonymous_1)","decl":{"start":{"line":51,"column":13},"end":{"line":51,"column":14}},"loc":{"start":{"line":51,"column":27},"end":{"line":53,"column":1}},"line":51}},"branchMap":{"0":{"loc":{"start":{"line":22,"column":0},"end":{"line":28,"column":1}},"type":"if","locations":[{"start":{"line":22,"column":0},"end":{"line":28,"column":1}},{"start":{"line":25,"column":7},"end":{"line":28,"column":1}}],"line":22}},"s":{"0":6,"1":6,"2":6,"3":6,"4":6,"5":6,"6":6,"7":6,"8":6,"9":6,"10":6,"11":6,"12":6,"13":6,"14":6,"15":6,"16":6,"17":6,"18":0,"19":0,"20":6,"21":6,"22":6,"23":6,"24":6,"25":6,"26":0,"27":6,"28":6,"29":6,"30":6,"31":6,"32":6,"33":6,"34":6,"35":6,"36":6,"37":0,"38":6,"39":6},"f":{"0":0,"1":0},"b":{"0":[0,6]},"_coverageSchema":"1a1c01bbd47fc00a2c39e90264f33305004495a9","hash":"1177ad8add9a9ce101cb22cfb004252e20fba837"}
,"C:\\Users\\99943\\Desktop\\651repo\\memo-minder\\memo-backend\\controllers\\dailies.js": {"path":"C:\\Users\\99943\\Desktop\\651repo\\memo-minder\\memo-backend\\controllers\\dailies.js","statementMap":{"0":{"start":{"line":1,"column":16},"end":{"line":1,"column":34}},"1":{"start":{"line":2,"column":15},"end":{"line":2,"column":31}},"2":{"start":{"line":3,"column":12},"end":{"line":3,"column":35}},"3":{"start":{"line":4,"column":13},"end":{"line":4,"column":38}},"4":{"start":{"line":5,"column":14},"end":{"line":5,"column":40}},"5":{"start":{"line":6,"column":16},"end":{"line":6,"column":44}},"6":{"start":{"line":7,"column":41},"end":{"line":7,"column":75}},"7":{"start":{"line":10,"column":20},"end":{"line":23,"column":1}},"8":{"start":{"line":11,"column":16},"end":{"line":11,"column":41}},"9":{"start":{"line":12,"column":2},"end":{"line":14,"column":3}},"10":{"start":{"line":13,"column":4},"end":{"line":13,"column":76}},"11":{"start":{"line":16,"column":2},"end":{"line":22,"column":3}},"12":{"start":{"line":17,"column":20},"end":{"line":17,"column":57}},"13":{"start":{"line":18,"column":4},"end":{"line":18,"column":23}},"14":{"start":{"line":19,"column":4},"end":{"line":19,"column":11}},"15":{"start":{"line":21,"column":4},"end":{"line":21,"column":73}},"16":{"start":{"line":26,"column":0},"end":{"line":66,"column":3}},"17":{"start":{"line":27,"column":2},"end":{"line":65,"column":3}},"18":{"start":{"line":28,"column":61},"end":{"line":28,"column":69}},"19":{"start":{"line":29,"column":19},"end":{"line":29,"column":30}},"20":{"start":{"line":32,"column":4},"end":{"line":34,"column":5}},"21":{"start":{"line":33,"column":6},"end":{"line":33,"column":114}},"22":{"start":{"line":37,"column":25},"end":{"line":37,"column":65}},"23":{"start":{"line":38,"column":4},"end":{"line":40,"column":5}},"24":{"start":{"line":39,"column":6},"end":{"line":39,"column":72}},"25":{"start":{"line":43,"column":18},"end":{"line":50,"column":6}},"26":{"start":{"line":53,"column":4},"end":{"line":53,"column":23}},"27":{"start":{"line":56,"column":4},"end":{"line":60,"column":6}},"28":{"start":{"line":62,"column":4},"end":{"line":62,"column":79}},"29":{"start":{"line":64,"column":4},"end":{"line":64,"column":63}},"30":{"start":{"line":69,"column":0},"end":{"line":81,"column":3}},"31":{"start":{"line":70,"column":2},"end":{"line":80,"column":3}},"32":{"start":{"line":71,"column":19},"end":{"line":71,"column":36}},"33":{"start":{"line":72,"column":4},"end":{"line":74,"column":5}},"34":{"start":{"line":73,"column":6},"end":{"line":73,"column":97}},"35":{"start":{"line":76,"column":20},"end":{"line":76,"column":54}},"36":{"start":{"line":77,"column":4},"end":{"line":77,"column":38}},"37":{"start":{"line":79,"column":4},"end":{"line":79,"column":63}},"38":{"start":{"line":84,"column":0},"end":{"line":122,"column":3}},"39":{"start":{"line":85,"column":2},"end":{"line":121,"column":3}},"40":{"start":{"line":86,"column":20},"end":{"line":86,"column":38}},"41":{"start":{"line":87,"column":19},"end":{"line":87,"column":30}},"42":{"start":{"line":88,"column":50},"end":{"line":88,"column":58}},"43":{"start":{"line":91,"column":4},"end":{"line":93,"column":5}},"44":{"start":{"line":92,"column":6},"end":{"line":92,"column":116}},"45":{"start":{"line":96,"column":18},"end":{"line":96,"column":69}},"46":{"start":{"line":97,"column":4},"end":{"line":99,"column":5}},"47":{"start":{"line":98,"column":6},"end":{"line":98,"column":72}},"48":{"start":{"line":102,"column":4},"end":{"line":104,"column":5}},"49":{"start":{"line":103,"column":6},"end":{"line":103,"column":26}},"50":{"start":{"line":105,"column":4},"end":{"line":107,"column":5}},"51":{"start":{"line":106,"column":6},"end":{"line":106,"column":24}},"52":{"start":{"line":108,"column":4},"end":{"line":110,"column":5}},"53":{"start":{"line":109,"column":6},"end":{"line":109,"column":30}},"54":{"start":{"line":111,"column":4},"end":{"line":113,"column":5}},"55":{"start":{"line":112,"column":6},"end":{"line":112,"column":38}},"56":{"start":{"line":116,"column":4},"end":{"line":116,"column":23}},"57":{"start":{"line":118,"column":4},"end":{"line":118,"column":82}},"58":{"start":{"line":120,"column":4},"end":{"line":120,"column":63}},"59":{"start":{"line":125,"column":0},"end":{"line":142,"column":3}},"60":{"start":{"line":126,"column":2},"end":{"line":141,"column":3}},"61":{"start":{"line":127,"column":20},"end":{"line":127,"column":38}},"62":{"start":{"line":128,"column":19},"end":{"line":128,"column":30}},"63":{"start":{"line":131,"column":18},"end":{"line":131,"column":69}},"64":{"start":{"line":132,"column":4},"end":{"line":134,"column":5}},"65":{"start":{"line":133,"column":6},"end":{"line":133,"column":72}},"66":{"start":{"line":137,"column":4},"end":{"line":137,"column":43}},"67":{"start":{"line":138,"column":4},"end":{"line":138,"column":74}},"68":{"start":{"line":140,"column":4},"end":{"line":140,"column":63}},"69":{"start":{"line":145,"column":0},"end":{"line":181,"column":3}},"70":{"start":{"line":146,"column":2},"end":{"line":180,"column":3}},"71":{"start":{"line":147,"column":20},"end":{"line":147,"column":38}},"72":{"start":{"line":148,"column":19},"end":{"line":148,"column":30}},"73":{"start":{"line":151,"column":18},"end":{"line":151,"column":69}},"74":{"start":{"line":152,"column":4},"end":{"line":154,"column":5}},"75":{"start":{"line":153,"column":6},"end":{"line":153,"column":72}},"76":{"start":{"line":157,"column":4},"end":{"line":159,"column":5}},"77":{"start":{"line":158,"column":6},"end":{"line":158,"column":83}},"78":{"start":{"line":162,"column":4},"end":{"line":162,"column":27}},"79":{"start":{"line":165,"column":4},"end":{"line":165,"column":23}},"80":{"start":{"line":168,"column":4},"end":{"line":172,"column":6}},"81":{"start":{"line":175,"column":27},"end":{"line":175,"column":82}},"82":{"start":{"line":177,"column":4},"end":{"line":177,"column":96}},"83":{"start":{"line":179,"column":4},"end":{"line":179,"column":63}},"84":{"start":{"line":183,"column":0},"end":{"line":183,"column":24}}},"fnMap":{"0":{"name":"(anonymous_0)","decl":{"start":{"line":10,"column":20},"end":{"line":10,"column":21}},"loc":{"start":{"line":10,"column":40},"end":{"line":23,"column":1}},"line":10},"1":{"name":"(anonymous_1)","decl":{"start":{"line":26,"column":30},"end":{"line":26,"column":31}},"loc":{"start":{"line":26,"column":50},"end":{"line":66,"column":1}},"line":26},"2":{"name":"(anonymous_2)","decl":{"start":{"line":69,"column":41},"end":{"line":69,"column":42}},"loc":{"start":{"line":69,"column":61},"end":{"line":81,"column":1}},"line":69},"3":{"name":"(anonymous_3)","decl":{"start":{"line":84,"column":37},"end":{"line":84,"column":38}},"loc":{"start":{"line":84,"column":57},"end":{"line":122,"column":1}},"line":84},"4":{"name":"(anonymous_4)","decl":{"start":{"line":125,"column":40},"end":{"line":125,"column":41}},"loc":{"start":{"line":125,"column":60},"end":{"line":142,"column":1}},"line":125},"5":{"name":"(anonymous_5)","decl":{"start":{"line":145,"column":46},"end":{"line":145,"column":47}},"loc":{"start":{"line":145,"column":66},"end":{"line":181,"column":1}},"line":145}},"branchMap":{"0":{"loc":{"start":{"line":12,"column":2},"end":{"line":14,"column":3}},"type":"if","locations":[{"start":{"line":12,"column":2},"end":{"line":14,"column":3}},{"start":{},"end":{}}],"line":12},"1":{"loc":{"start":{"line":32,"column":4},"end":{"line":34,"column":5}},"type":"if","locations":[{"start":{"line":32,"column":4},"end":{"line":34,"column":5}},{"start":{},"end":{}}],"line":32},"2":{"loc":{"start":{"line":32,"column":8},"end":{"line":32,"column":67}},"type":"binary-expr","locations":[{"start":{"line":32,"column":8},"end":{"line":32,"column":15}},{"start":{"line":32,"column":19},"end":{"line":32,"column":25}},{"start":{"line":32,"column":29},"end":{"line":32,"column":39}},{"start":{"line":32,"column":43},"end":{"line":32,"column":51}},{"start":{"line":32,"column":55},"end":{"line":32,"column":67}}],"line":32},"3":{"loc":{"start":{"line":38,"column":4},"end":{"line":40,"column":5}},"type":"if","locations":[{"start":{"line":38,"column":4},"end":{"line":40,"column":5}},{"start":{},"end":{}}],"line":38},"4":{"loc":{"start":{"line":72,"column":4},"end":{"line":74,"column":5}},"type":"if","locations":[{"start":{"line":72,"column":4},"end":{"line":74,"column":5}},{"start":{},"end":{}}],"line":72},"5":{"loc":{"start":{"line":91,"column":4},"end":{"line":93,"column":5}},"type":"if","locations":[{"start":{"line":91,"column":4},"end":{"line":93,"column":5}},{"start":{},"end":{}}],"line":91},"6":{"loc":{"start":{"line":91,"column":8},"end":{"line":91,"column":51}},"type":"binary-expr","locations":[{"start":{"line":91,"column":8},"end":{"line":91,"column":14}},{"start":{"line":91,"column":18},"end":{"line":91,"column":23}},{"start":{"line":91,"column":27},"end":{"line":91,"column":35}},{"start":{"line":91,"column":39},"end":{"line":91,"column":51}}],"line":91},"7":{"loc":{"start":{"line":97,"column":4},"end":{"line":99,"column":5}},"type":"if","locations":[{"start":{"line":97,"column":4},"end":{"line":99,"column":5}},{"start":{},"end":{}}],"line":97},"8":{"loc":{"start":{"line":102,"column":4},"end":{"line":104,"column":5}},"type":"if","locations":[{"start":{"line":102,"column":4},"end":{"line":104,"column":5}},{"start":{},"end":{}}],"line":102},"9":{"loc":{"start":{"line":105,"column":4},"end":{"line":107,"column":5}},"type":"if","locations":[{"start":{"line":105,"column":4},"end":{"line":107,"column":5}},{"start":{},"end":{}}],"line":105},"10":{"loc":{"start":{"line":108,"column":4},"end":{"line":110,"column":5}},"type":"if","locations":[{"start":{"line":108,"column":4},"end":{"line":110,"column":5}},{"start":{},"end":{}}],"line":108},"11":{"loc":{"start":{"line":111,"column":4},"end":{"line":113,"column":5}},"type":"if","locations":[{"start":{"line":111,"column":4},"end":{"line":113,"column":5}},{"start":{},"end":{}}],"line":111},"12":{"loc":{"start":{"line":132,"column":4},"end":{"line":134,"column":5}},"type":"if","locations":[{"start":{"line":132,"column":4},"end":{"line":134,"column":5}},{"start":{},"end":{}}],"line":132},"13":{"loc":{"start":{"line":152,"column":4},"end":{"line":154,"column":5}},"type":"if","locations":[{"start":{"line":152,"column":4},"end":{"line":154,"column":5}},{"start":{},"end":{}}],"line":152},"14":{"loc":{"start":{"line":157,"column":4},"end":{"line":159,"column":5}},"type":"if","locations":[{"start":{"line":157,"column":4},"end":{"line":159,"column":5}},{"start":{},"end":{}}],"line":157}},"s":{"0":6,"1":6,"2":6,"3":6,"4":6,"5":6,"6":6,"7":6,"8":9,"9":9,"10":0,"11":9,"12":9,"13":9,"14":9,"15":0,"16":6,"17":3,"18":3,"19":3,"20":3,"21":1,"22":2,"23":2,"24":1,"25":1,"26":1,"27":1,"28":1,"29":0,"30":6,"31":1,"32":1,"33":1,"34":0,"35":1,"36":1,"37":0,"38":6,"39":3,"40":3,"41":3,"42":3,"43":3,"44":1,"45":2,"46":2,"47":1,"48":1,"49":1,"50":1,"51":0,"52":1,"53":1,"54":1,"55":1,"56":1,"57":1,"58":0,"59":6,"60":1,"61":1,"62":1,"63":1,"64":1,"65":0,"66":1,"67":1,"68":0,"69":6,"70":1,"71":1,"72":1,"73":1,"74":1,"75":0,"76":1,"77":0,"78":1,"79":1,"80":1,"81":1,"82":1,"83":0,"84":6},"f":{"0":9,"1":3,"2":1,"3":3,"4":1,"5":1},"b":{"0":[0,9],"1":[1,2],"2":[3,3,2,2,2],"3":[1,1],"4":[0,1],"5":[1,2],"6":[3,1,1,1],"7":[1,1],"8":[1,0],"9":[0,1],"10":[1,0],"11":[1,0],"12":[0,1],"13":[0,1],"14":[0,1]},"_coverageSchema":"1a1c01bbd47fc00a2c39e90264f33305004495a9","hash":"ced2881d2ddd12b0ca20ef04d680c38177c58303"}
,"C:\\Users\\99943\\Desktop\\651repo\\memo-minder\\memo-backend\\controllers\\habits.js": {"path":"C:\\Users\\99943\\Desktop\\651repo\\memo-minder\\memo-backend\\controllers\\habits.js","statementMap":{"0":{"start":{"line":1,"column":16},"end":{"line":1,"column":34}},"1":{"start":{"line":2,"column":15},"end":{"line":2,"column":31}},"2":{"start":{"line":3,"column":12},"end":{"line":3,"column":35}},"3":{"start":{"line":4,"column":13},"end":{"line":4,"column":38}},"4":{"start":{"line":5,"column":14},"end":{"line":5,"column":40}},"5":{"start":{"line":6,"column":16},"end":{"line":6,"column":44}},"6":{"start":{"line":7,"column":41},"end":{"line":7,"column":75}},"7":{"start":{"line":10,"column":20},"end":{"line":23,"column":1}},"8":{"start":{"line":11,"column":16},"end":{"line":11,"column":41}},"9":{"start":{"line":12,"column":2},"end":{"line":14,"column":3}},"10":{"start":{"line":13,"column":4},"end":{"line":13,"column":76}},"11":{"start":{"line":16,"column":2},"end":{"line":22,"column":3}},"12":{"start":{"line":17,"column":20},"end":{"line":17,"column":57}},"13":{"start":{"line":18,"column":4},"end":{"line":18,"column":23}},"14":{"start":{"line":19,"column":4},"end":{"line":19,"column":11}},"15":{"start":{"line":21,"column":6},"end":{"line":21,"column":75}},"16":{"start":{"line":27,"column":0},"end":{"line":66,"column":3}},"17":{"start":{"line":28,"column":2},"end":{"line":65,"column":3}},"18":{"start":{"line":29,"column":34},"end":{"line":29,"column":42}},"19":{"start":{"line":30,"column":19},"end":{"line":30,"column":30}},"20":{"start":{"line":33,"column":4},"end":{"line":35,"column":5}},"21":{"start":{"line":34,"column":6},"end":{"line":34,"column":87}},"22":{"start":{"line":38,"column":23},"end":{"line":38,"column":66}},"23":{"start":{"line":39,"column":4},"end":{"line":41,"column":5}},"24":{"start":{"line":40,"column":6},"end":{"line":40,"column":69}},"25":{"start":{"line":44,"column":18},"end":{"line":48,"column":6}},"26":{"start":{"line":50,"column":4},"end":{"line":52,"column":5}},"27":{"start":{"line":51,"column":6},"end":{"line":51,"column":24}},"28":{"start":{"line":54,"column":4},"end":{"line":54,"column":23}},"29":{"start":{"line":56,"column":4},"end":{"line":60,"column":6}},"30":{"start":{"line":62,"column":4},"end":{"line":62,"column":73}},"31":{"start":{"line":64,"column":4},"end":{"line":64,"column":63}},"32":{"start":{"line":70,"column":0},"end":{"line":82,"column":3}},"33":{"start":{"line":71,"column":2},"end":{"line":81,"column":3}},"34":{"start":{"line":72,"column":19},"end":{"line":72,"column":36}},"35":{"start":{"line":73,"column":4},"end":{"line":75,"column":5}},"36":{"start":{"line":74,"column":6},"end":{"line":74,"column":97}},"37":{"start":{"line":77,"column":19},"end":{"line":77,"column":53}},"38":{"start":{"line":78,"column":4},"end":{"line":78,"column":37}},"39":{"start":{"line":80,"column":4},"end":{"line":80,"column":63}},"40":{"start":{"line":86,"column":0},"end":{"line":118,"column":3}},"41":{"start":{"line":87,"column":2},"end":{"line":117,"column":3}},"42":{"start":{"line":88,"column":20},"end":{"line":88,"column":38}},"43":{"start":{"line":89,"column":19},"end":{"line":89,"column":30}},"44":{"start":{"line":90,"column":28},"end":{"line":90,"column":36}},"45":{"start":{"line":93,"column":4},"end":{"line":95,"column":5}},"46":{"start":{"line":94,"column":6},"end":{"line":94,"column":93}},"47":{"start":{"line":98,"column":18},"end":{"line":98,"column":69}},"48":{"start":{"line":99,"column":4},"end":{"line":101,"column":5}},"49":{"start":{"line":100,"column":6},"end":{"line":100,"column":66}},"50":{"start":{"line":104,"column":4},"end":{"line":106,"column":5}},"51":{"start":{"line":105,"column":6},"end":{"line":105,"column":26}},"52":{"start":{"line":107,"column":4},"end":{"line":109,"column":5}},"53":{"start":{"line":108,"column":6},"end":{"line":108,"column":24}},"54":{"start":{"line":112,"column":4},"end":{"line":112,"column":23}},"55":{"start":{"line":114,"column":4},"end":{"line":114,"column":76}},"56":{"start":{"line":116,"column":4},"end":{"line":116,"column":63}},"57":{"start":{"line":122,"column":0},"end":{"line":139,"column":3}},"58":{"start":{"line":123,"column":2},"end":{"line":138,"column":3}},"59":{"start":{"line":124,"column":20},"end":{"line":124,"column":38}},"60":{"start":{"line":125,"column":19},"end":{"line":125,"column":30}},"61":{"start":{"line":128,"column":18},"end":{"line":128,"column":69}},"62":{"start":{"line":129,"column":4},"end":{"line":131,"column":5}},"63":{"start":{"line":130,"column":6},"end":{"line":130,"column":66}},"64":{"start":{"line":134,"column":4},"end":{"line":134,"column":43}},"65":{"start":{"line":135,"column":4},"end":{"line":135,"column":68}},"66":{"start":{"line":137,"column":4},"end":{"line":137,"column":63}},"67":{"start":{"line":143,"column":0},"end":{"line":171,"column":3}},"68":{"start":{"line":144,"column":2},"end":{"line":170,"column":3}},"69":{"start":{"line":145,"column":20},"end":{"line":145,"column":38}},"70":{"start":{"line":146,"column":19},"end":{"line":146,"column":30}},"71":{"start":{"line":149,"column":18},"end":{"line":149,"column":69}},"72":{"start":{"line":150,"column":4},"end":{"line":152,"column":5}},"73":{"start":{"line":151,"column":6},"end":{"line":151,"column":66}},"74":{"start":{"line":155,"column":4},"end":{"line":155,"column":29}},"75":{"start":{"line":156,"column":4},"end":{"line":156,"column":23}},"76":{"start":{"line":158,"column":4},"end":{"line":162,"column":6}},"77":{"start":{"line":165,"column":27},"end":{"line":165,"column":86}},"78":{"start":{"line":167,"column":4},"end":{"line":167,"column":115}},"79":{"start":{"line":169,"column":4},"end":{"line":169,"column":63}},"80":{"start":{"line":174,"column":0},"end":{"line":196,"column":3}},"81":{"start":{"line":175,"column":2},"end":{"line":195,"column":3}},"82":{"start":{"line":176,"column":20},"end":{"line":176,"column":38}},"83":{"start":{"line":177,"column":19},"end":{"line":177,"column":30}},"84":{"start":{"line":180,"column":18},"end":{"line":180,"column":69}},"85":{"start":{"line":181,"column":4},"end":{"line":183,"column":5}},"86":{"start":{"line":182,"column":6},"end":{"line":182,"column":66}},"87":{"start":{"line":186,"column":4},"end":{"line":186,"column":29}},"88":{"start":{"line":187,"column":4},"end":{"line":187,"column":23}},"89":{"start":{"line":190,"column":27},"end":{"line":190,"column":85}},"90":{"start":{"line":192,"column":4},"end":{"line":192,"column":115}},"91":{"start":{"line":194,"column":4},"end":{"line":194,"column":63}},"92":{"start":{"line":199,"column":0},"end":{"line":199,"column":24}}},"fnMap":{"0":{"name":"(anonymous_0)","decl":{"start":{"line":10,"column":20},"end":{"line":10,"column":21}},"loc":{"start":{"line":10,"column":40},"end":{"line":23,"column":1}},"line":10},"1":{"name":"(anonymous_1)","decl":{"start":{"line":27,"column":30},"end":{"line":27,"column":31}},"loc":{"start":{"line":27,"column":50},"end":{"line":66,"column":1}},"line":27},"2":{"name":"(anonymous_2)","decl":{"start":{"line":70,"column":41},"end":{"line":70,"column":42}},"loc":{"start":{"line":70,"column":61},"end":{"line":82,"column":1}},"line":70},"3":{"name":"(anonymous_3)","decl":{"start":{"line":86,"column":37},"end":{"line":86,"column":38}},"loc":{"start":{"line":86,"column":57},"end":{"line":118,"column":1}},"line":86},"4":{"name":"(anonymous_4)","decl":{"start":{"line":122,"column":40},"end":{"line":122,"column":41}},"loc":{"start":{"line":122,"column":60},"end":{"line":139,"column":1}},"line":122},"5":{"name":"(anonymous_5)","decl":{"start":{"line":143,"column":56},"end":{"line":143,"column":57}},"loc":{"start":{"line":143,"column":76},"end":{"line":171,"column":1}},"line":143},"6":{"name":"(anonymous_6)","decl":{"start":{"line":174,"column":56},"end":{"line":174,"column":57}},"loc":{"start":{"line":174,"column":76},"end":{"line":196,"column":1}},"line":174}},"branchMap":{"0":{"loc":{"start":{"line":12,"column":2},"end":{"line":14,"column":3}},"type":"if","locations":[{"start":{"line":12,"column":2},"end":{"line":14,"column":3}},{"start":{},"end":{}}],"line":12},"1":{"loc":{"start":{"line":33,"column":4},"end":{"line":35,"column":5}},"type":"if","locations":[{"start":{"line":33,"column":4},"end":{"line":35,"column":5}},{"start":{},"end":{}}],"line":33},"2":{"loc":{"start":{"line":33,"column":8},"end":{"line":33,"column":34}},"type":"binary-expr","locations":[{"start":{"line":33,"column":8},"end":{"line":33,"column":15}},{"start":{"line":33,"column":19},"end":{"line":33,"column":25}},{"start":{"line":33,"column":29},"end":{"line":33,"column":34}}],"line":33},"3":{"loc":{"start":{"line":39,"column":4},"end":{"line":41,"column":5}},"type":"if","locations":[{"start":{"line":39,"column":4},"end":{"line":41,"column":5}},{"start":{},"end":{}}],"line":39},"4":{"loc":{"start":{"line":50,"column":4},"end":{"line":52,"column":5}},"type":"if","locations":[{"start":{"line":50,"column":4},"end":{"line":52,"column":5}},{"start":{},"end":{}}],"line":50},"5":{"loc":{"start":{"line":73,"column":4},"end":{"line":75,"column":5}},"type":"if","locations":[{"start":{"line":73,"column":4},"end":{"line":75,"column":5}},{"start":{},"end":{}}],"line":73},"6":{"loc":{"start":{"line":93,"column":4},"end":{"line":95,"column":5}},"type":"if","locations":[{"start":{"line":93,"column":4},"end":{"line":95,"column":5}},{"start":{},"end":{}}],"line":93},"7":{"loc":{"start":{"line":93,"column":8},"end":{"line":93,"column":23}},"type":"binary-expr","locations":[{"start":{"line":93,"column":8},"end":{"line":93,"column":14}},{"start":{"line":93,"column":18},"end":{"line":93,"column":23}}],"line":93},"8":{"loc":{"start":{"line":99,"column":4},"end":{"line":101,"column":5}},"type":"if","locations":[{"start":{"line":99,"column":4},"end":{"line":101,"column":5}},{"start":{},"end":{}}],"line":99},"9":{"loc":{"start":{"line":104,"column":4},"end":{"line":106,"column":5}},"type":"if","locations":[{"start":{"line":104,"column":4},"end":{"line":106,"column":5}},{"start":{},"end":{}}],"line":104},"10":{"loc":{"start":{"line":107,"column":4},"end":{"line":109,"column":5}},"type":"if","locations":[{"start":{"line":107,"column":4},"end":{"line":109,"column":5}},{"start":{},"end":{}}],"line":107},"11":{"loc":{"start":{"line":129,"column":4},"end":{"line":131,"column":5}},"type":"if","locations":[{"start":{"line":129,"column":4},"end":{"line":131,"column":5}},{"start":{},"end":{}}],"line":129},"12":{"loc":{"start":{"line":150,"column":4},"end":{"line":152,"column":5}},"type":"if","locations":[{"start":{"line":150,"column":4},"end":{"line":152,"column":5}},{"start":{},"end":{}}],"line":150},"13":{"loc":{"start":{"line":181,"column":4},"end":{"line":183,"column":5}},"type":"if","locations":[{"start":{"line":181,"column":4},"end":{"line":183,"column":5}},{"start":{},"end":{}}],"line":181}},"s":{"0":6,"1":6,"2":6,"3":6,"4":6,"5":6,"6":6,"7":6,"8":12,"9":12,"10":0,"11":12,"12":12,"13":12,"14":12,"15":0,"16":6,"17":4,"18":4,"19":4,"20":4,"21":1,"22":3,"23":3,"24":1,"25":2,"26":2,"27":2,"28":2,"29":2,"30":2,"31":0,"32":6,"33":1,"34":1,"35":1,"36":0,"37":1,"38":1,"39":0,"40":6,"41":3,"42":3,"43":3,"44":3,"45":3,"46":1,"47":2,"48":2,"49":1,"50":1,"51":1,"52":1,"53":1,"54":1,"55":1,"56":0,"57":6,"58":2,"59":2,"60":2,"61":2,"62":2,"63":1,"64":1,"65":1,"66":0,"67":6,"68":1,"69":1,"70":1,"71":1,"72":1,"73":0,"74":1,"75":1,"76":1,"77":1,"78":1,"79":0,"80":6,"81":1,"82":1,"83":1,"84":1,"85":1,"86":0,"87":1,"88":1,"89":1,"90":1,"91":0,"92":6},"f":{"0":12,"1":4,"2":1,"3":3,"4":2,"5":1,"6":1},"b":{"0":[0,12],"1":[1,3],"2":[4,4,3],"3":[1,2],"4":[2,0],"5":[0,1],"6":[1,2],"7":[3,1],"8":[1,1],"9":[1,0],"10":[1,0],"11":[1,1],"12":[0,1],"13":[0,1]},"_coverageSchema":"1a1c01bbd47fc00a2c39e90264f33305004495a9","hash":"aaeead8c71b4f8cd5ba2fa55d9e015a178fd6fbb"}
,"C:\\Users\\99943\\Desktop\\651repo\\memo-minder\\memo-backend\\controllers\\histories.js": {"path":"C:\\Users\\99943\\Desktop\\651repo\\memo-minder\\memo-backend\\controllers\\histories.js","statementMap":{"0":{"start":{"line":1,"column":16},"end":{"line":1,"column":34}},"1":{"start":{"line":2,"column":15},"end":{"line":2,"column":31}},"2":{"start":{"line":3,"column":16},"end":{"line":3,"column":44}},"3":{"start":{"line":6,"column":0},"end":{"line":21,"column":3}},"4":{"start":{"line":7,"column":4},"end":{"line":20,"column":5}},"5":{"start":{"line":8,"column":23},"end":{"line":8,"column":40}},"6":{"start":{"line":11,"column":24},"end":{"line":11,"column":63}},"7":{"start":{"line":13,"column":8},"end":{"line":15,"column":9}},"8":{"start":{"line":14,"column":12},"end":{"line":14,"column":74}},"9":{"start":{"line":17,"column":8},"end":{"line":17,"column":42}},"10":{"start":{"line":19,"column":8},"end":{"line":19,"column":67}},"11":{"start":{"line":23,"column":0},"end":{"line":23,"column":24}}},"fnMap":{"0":{"name":"(anonymous_0)","decl":{"start":{"line":6,"column":23},"end":{"line":6,"column":24}},"loc":{"start":{"line":6,"column":43},"end":{"line":21,"column":1}},"line":6}},"branchMap":{"0":{"loc":{"start":{"line":13,"column":8},"end":{"line":15,"column":9}},"type":"if","locations":[{"start":{"line":13,"column":8},"end":{"line":15,"column":9}},{"start":{},"end":{}}],"line":13}},"s":{"0":6,"1":6,"2":6,"3":6,"4":2,"5":2,"6":2,"7":2,"8":1,"9":1,"10":0,"11":6},"f":{"0":2},"b":{"0":[1,1]},"_coverageSchema":"1a1c01bbd47fc00a2c39e90264f33305004495a9","hash":"ad3e660e7793f11101323684d70ab34ae8f45932"}
,"C:\\Users\\99943\\Desktop\\651repo\\memo-minder\\memo-backend\\controllers\\login.js": {"path":"C:\\Users\\99943\\Desktop\\651repo\\memo-minder\\memo-backend\\controllers\\login.js","statementMap":{"0":{"start":{"line":1,"column":12},"end":{"line":1,"column":35}},"1":{"start":{"line":2,"column":15},"end":{"line":2,"column":32}},"2":{"start":{"line":3,"column":20},"end":{"line":3,"column":47}},"3":{"start":{"line":4,"column":13},"end":{"line":4,"column":38}},"4":{"start":{"line":6,"column":0},"end":{"line":47,"column":2}},"5":{"start":{"line":7,"column":40},"end":{"line":7,"column":52}},"6":{"start":{"line":9,"column":2},"end":{"line":13,"column":3}},"7":{"start":{"line":10,"column":4},"end":{"line":12,"column":6}},"8":{"start":{"line":16,"column":2},"end":{"line":21,"column":3}},"9":{"start":{"line":17,"column":4},"end":{"line":17,"column":43}},"10":{"start":{"line":20,"column":4},"end":{"line":20,"column":40}},"11":{"start":{"line":23,"column":26},"end":{"line":25,"column":55}},"12":{"start":{"line":27,"column":2},"end":{"line":31,"column":3}},"13":{"start":{"line":28,"column":4},"end":{"line":30,"column":6}},"14":{"start":{"line":33,"column":23},"end":{"line":36,"column":3}},"15":{"start":{"line":38,"column":16},"end":{"line":42,"column":3}},"16":{"start":{"line":44,"column":2},"end":{"line":46,"column":78}},"17":{"start":{"line":49,"column":0},"end":{"line":49,"column":28}}},"fnMap":{"0":{"name":"(anonymous_0)","decl":{"start":{"line":6,"column":22},"end":{"line":6,"column":23}},"loc":{"start":{"line":6,"column":51},"end":{"line":47,"column":1}},"line":6}},"branchMap":{"0":{"loc":{"start":{"line":9,"column":2},"end":{"line":13,"column":3}},"type":"if","locations":[{"start":{"line":9,"column":2},"end":{"line":13,"column":3}},{"start":{},"end":{}}],"line":9},"1":{"loc":{"start":{"line":9,"column":6},"end":{"line":9,"column":25}},"type":"binary-expr","locations":[{"start":{"line":9,"column":6},"end":{"line":9,"column":15}},{"start":{"line":9,"column":19},"end":{"line":9,"column":25}}],"line":9},"2":{"loc":{"start":{"line":16,"column":2},"end":{"line":21,"column":3}},"type":"if","locations":[{"start":{"line":16,"column":2},"end":{"line":21,"column":3}},{"start":{"line":19,"column":7},"end":{"line":21,"column":3}}],"line":16},"3":{"loc":{"start":{"line":23,"column":26},"end":{"line":25,"column":55}},"type":"cond-expr","locations":[{"start":{"line":24,"column":6},"end":{"line":24,"column":11}},{"start":{"line":25,"column":6},"end":{"line":25,"column":55}}],"line":23},"4":{"loc":{"start":{"line":27,"column":2},"end":{"line":31,"column":3}},"type":"if","locations":[{"start":{"line":27,"column":2},"end":{"line":31,"column":3}},{"start":{},"end":{}}],"line":27},"5":{"loc":{"start":{"line":27,"column":8},"end":{"line":27,"column":31}},"type":"binary-expr","locations":[{"start":{"line":27,"column":8},"end":{"line":27,"column":12}},{"start":{"line":27,"column":16},"end":{"line":27,"column":31}}],"line":27}},"s":{"0":6,"1":6,"2":6,"3":6,"4":6,"5":8,"6":8,"7":0,"8":8,"9":8,"10":0,"11":8,"12":8,"13":1,"14":7,"15":7,"16":7,"17":6},"f":{"0":8},"b":{"0":[0,8],"1":[8,0],"2":[8,0],"3":[1,7],"4":[1,7],"5":[8,7]},"_coverageSchema":"1a1c01bbd47fc00a2c39e90264f33305004495a9","hash":"57a2db22b879377052d33df12e118926f449635d"}
,"C:\\Users\\99943\\Desktop\\651repo\\memo-minder\\memo-backend\\controllers\\profiles.js": {"path":"C:\\Users\\99943\\Desktop\\651repo\\memo-minder\\memo-backend\\controllers\\profiles.js","statementMap":{"0":{"start":{"line":1,"column":23},"end":{"line":1,"column":50}},"1":{"start":{"line":2,"column":13},"end":{"line":2,"column":38}},"2":{"start":{"line":3,"column":12},"end":{"line":3,"column":35}},"3":{"start":{"line":4,"column":16},"end":{"line":4,"column":44}},"4":{"start":{"line":8,"column":20},"end":{"line":21,"column":1}},"5":{"start":{"line":9,"column":16},"end":{"line":9,"column":41}},"6":{"start":{"line":10,"column":2},"end":{"line":12,"column":3}},"7":{"start":{"line":11,"column":4},"end":{"line":11,"column":76}},"8":{"start":{"line":14,"column":2},"end":{"line":20,"column":3}},"9":{"start":{"line":15,"column":20},"end":{"line":15,"column":57}},"10":{"start":{"line":16,"column":4},"end":{"line":16,"column":23}},"11":{"start":{"line":17,"column":4},"end":{"line":17,"column":11}},"12":{"start":{"line":19,"column":4},"end":{"line":19,"column":73}},"13":{"start":{"line":24,"column":0},"end":{"line":33,"column":3}},"14":{"start":{"line":25,"column":21},"end":{"line":25,"column":35}},"15":{"start":{"line":26,"column":18},"end":{"line":26,"column":51}},"16":{"start":{"line":28,"column":2},"end":{"line":32,"column":3}},"17":{"start":{"line":29,"column":4},"end":{"line":29,"column":27}},"18":{"start":{"line":31,"column":4},"end":{"line":31,"column":62}},"19":{"start":{"line":36,"column":0},"end":{"line":47,"column":3}},"20":{"start":{"line":37,"column":43},"end":{"line":37,"column":55}},"21":{"start":{"line":38,"column":26},"end":{"line":38,"column":59}},"22":{"start":{"line":40,"column":2},"end":{"line":42,"column":3}},"23":{"start":{"line":41,"column":4},"end":{"line":41,"column":83}},"24":{"start":{"line":44,"column":18},"end":{"line":44,"column":63}},"25":{"start":{"line":45,"column":23},"end":{"line":45,"column":43}},"26":{"start":{"line":46,"column":2},"end":{"line":46,"column":42}},"27":{"start":{"line":50,"column":0},"end":{"line":61,"column":3}},"28":{"start":{"line":51,"column":21},"end":{"line":51,"column":35}},"29":{"start":{"line":52,"column":35},"end":{"line":52,"column":47}},"30":{"start":{"line":54,"column":25},"end":{"line":54,"column":108}},"31":{"start":{"line":56,"column":2},"end":{"line":60,"column":3}},"32":{"start":{"line":57,"column":4},"end":{"line":57,"column":34}},"33":{"start":{"line":59,"column":4},"end":{"line":59,"column":62}},"34":{"start":{"line":64,"column":0},"end":{"line":74,"column":3}},"35":{"start":{"line":65,"column":21},"end":{"line":65,"column":35}},"36":{"start":{"line":67,"column":25},"end":{"line":67,"column":67}},"37":{"start":{"line":69,"column":2},"end":{"line":73,"column":3}},"38":{"start":{"line":70,"column":4},"end":{"line":70,"column":75}},"39":{"start":{"line":72,"column":4},"end":{"line":72,"column":62}},"40":{"start":{"line":76,"column":0},"end":{"line":76,"column":31}}},"fnMap":{"0":{"name":"(anonymous_0)","decl":{"start":{"line":8,"column":20},"end":{"line":8,"column":21}},"loc":{"start":{"line":8,"column":40},"end":{"line":21,"column":1}},"line":8},"1":{"name":"(anonymous_1)","decl":{"start":{"line":24,"column":44},"end":{"line":24,"column":45}},"loc":{"start":{"line":24,"column":73},"end":{"line":33,"column":1}},"line":24},"2":{"name":"(anonymous_2)","decl":{"start":{"line":36,"column":38},"end":{"line":36,"column":39}},"loc":{"start":{"line":36,"column":67},"end":{"line":47,"column":1}},"line":36},"3":{"name":"(anonymous_3)","decl":{"start":{"line":50,"column":44},"end":{"line":50,"column":45}},"loc":{"start":{"line":50,"column":73},"end":{"line":61,"column":1}},"line":50},"4":{"name":"(anonymous_4)","decl":{"start":{"line":64,"column":47},"end":{"line":64,"column":48}},"loc":{"start":{"line":64,"column":76},"end":{"line":74,"column":1}},"line":64}},"branchMap":{"0":{"loc":{"start":{"line":10,"column":2},"end":{"line":12,"column":3}},"type":"if","locations":[{"start":{"line":10,"column":2},"end":{"line":12,"column":3}},{"start":{},"end":{}}],"line":10},"1":{"loc":{"start":{"line":28,"column":2},"end":{"line":32,"column":3}},"type":"if","locations":[{"start":{"line":28,"column":2},"end":{"line":32,"column":3}},{"start":{"line":30,"column":9},"end":{"line":32,"column":3}}],"line":28},"2":{"loc":{"start":{"line":40,"column":2},"end":{"line":42,"column":3}},"type":"if","locations":[{"start":{"line":40,"column":2},"end":{"line":42,"column":3}},{"start":{},"end":{}}],"line":40},"3":{"loc":{"start":{"line":56,"column":2},"end":{"line":60,"column":3}},"type":"if","locations":[{"start":{"line":56,"column":2},"end":{"line":60,"column":3}},{"start":{"line":58,"column":9},"end":{"line":60,"column":3}}],"line":56},"4":{"loc":{"start":{"line":69,"column":2},"end":{"line":73,"column":3}},"type":"if","locations":[{"start":{"line":69,"column":2},"end":{"line":73,"column":3}},{"start":{"line":71,"column":9},"end":{"line":73,"column":3}}],"line":69}},"s":{"0":6,"1":6,"2":6,"3":6,"4":6,"5":0,"6":0,"7":0,"8":0,"9":0,"10":0,"11":0,"12":0,"13":6,"14":0,"15":0,"16":0,"17":0,"18":0,"19":6,"20":0,"21":0,"22":0,"23":0,"24":0,"25":0,"26":0,"27":6,"28":0,"29":0,"30":0,"31":0,"32":0,"33":0,"34":6,"35":0,"36":0,"37":0,"38":0,"39":0,"40":6},"f":{"0":0,"1":0,"2":0,"3":0,"4":0},"b":{"0":[0,0],"1":[0,0],"2":[0,0],"3":[0,0],"4":[0,0]},"_coverageSchema":"1a1c01bbd47fc00a2c39e90264f33305004495a9","hash":"c4672bb9554999c28c9582d538e777860b69cb6c"}
,"C:\\Users\\99943\\Desktop\\651repo\\memo-minder\\memo-backend\\controllers\\rewards.js": {"path":"C:\\Users\\99943\\Desktop\\651repo\\memo-minder\\memo-backend\\controllers\\rewards.js","statementMap":{"0":{"start":{"line":1,"column":16},"end":{"line":1,"column":34}},"1":{"start":{"line":2,"column":15},"end":{"line":2,"column":31}},"2":{"start":{"line":3,"column":12},"end":{"line":3,"column":35}},"3":{"start":{"line":4,"column":13},"end":{"line":4,"column":38}},"4":{"start":{"line":5,"column":15},"end":{"line":5,"column":42}},"5":{"start":{"line":6,"column":16},"end":{"line":6,"column":44}},"6":{"start":{"line":9,"column":20},"end":{"line":22,"column":1}},"7":{"start":{"line":10,"column":16},"end":{"line":10,"column":41}},"8":{"start":{"line":11,"column":2},"end":{"line":13,"column":3}},"9":{"start":{"line":12,"column":4},"end":{"line":12,"column":76}},"10":{"start":{"line":15,"column":2},"end":{"line":21,"column":3}},"11":{"start":{"line":16,"column":20},"end":{"line":16,"column":57}},"12":{"start":{"line":17,"column":4},"end":{"line":17,"column":23}},"13":{"start":{"line":18,"column":4},"end":{"line":18,"column":11}},"14":{"start":{"line":20,"column":4},"end":{"line":20,"column":73}},"15":{"start":{"line":25,"column":0},"end":{"line":36,"column":3}},"16":{"start":{"line":26,"column":2},"end":{"line":35,"column":3}},"17":{"start":{"line":27,"column":19},"end":{"line":27,"column":36}},"18":{"start":{"line":28,"column":4},"end":{"line":30,"column":5}},"19":{"start":{"line":29,"column":6},"end":{"line":29,"column":97}},"20":{"start":{"line":31,"column":20},"end":{"line":31,"column":55}},"21":{"start":{"line":32,"column":4},"end":{"line":32,"column":38}},"22":{"start":{"line":34,"column":4},"end":{"line":34,"column":63}},"23":{"start":{"line":39,"column":0},"end":{"line":68,"column":3}},"24":{"start":{"line":40,"column":2},"end":{"line":67,"column":3}},"25":{"start":{"line":41,"column":34},"end":{"line":41,"column":42}},"26":{"start":{"line":42,"column":19},"end":{"line":42,"column":30}},"27":{"start":{"line":44,"column":4},"end":{"line":46,"column":5}},"28":{"start":{"line":45,"column":6},"end":{"line":45,"column":87}},"29":{"start":{"line":48,"column":19},"end":{"line":53,"column":6}},"30":{"start":{"line":55,"column":4},"end":{"line":55,"column":24}},"31":{"start":{"line":58,"column":4},"end":{"line":62,"column":6}},"32":{"start":{"line":64,"column":4},"end":{"line":64,"column":75}},"33":{"start":{"line":66,"column":4},"end":{"line":66,"column":63}},"34":{"start":{"line":71,"column":0},"end":{"line":102,"column":3}},"35":{"start":{"line":72,"column":2},"end":{"line":101,"column":3}},"36":{"start":{"line":73,"column":21},"end":{"line":73,"column":40}},"37":{"start":{"line":74,"column":19},"end":{"line":74,"column":30}},"38":{"start":{"line":75,"column":34},"end":{"line":75,"column":42}},"39":{"start":{"line":77,"column":4},"end":{"line":79,"column":5}},"40":{"start":{"line":78,"column":6},"end":{"line":78,"column":100}},"41":{"start":{"line":81,"column":19},"end":{"line":81,"column":72}},"42":{"start":{"line":82,"column":4},"end":{"line":84,"column":5}},"43":{"start":{"line":83,"column":6},"end":{"line":83,"column":67}},"44":{"start":{"line":86,"column":4},"end":{"line":88,"column":5}},"45":{"start":{"line":87,"column":6},"end":{"line":87,"column":27}},"46":{"start":{"line":89,"column":4},"end":{"line":91,"column":5}},"47":{"start":{"line":90,"column":6},"end":{"line":90,"column":25}},"48":{"start":{"line":92,"column":4},"end":{"line":94,"column":5}},"49":{"start":{"line":93,"column":6},"end":{"line":93,"column":25}},"50":{"start":{"line":96,"column":4},"end":{"line":96,"column":24}},"51":{"start":{"line":98,"column":4},"end":{"line":98,"column":78}},"52":{"start":{"line":100,"column":4},"end":{"line":100,"column":63}},"53":{"start":{"line":105,"column":0},"end":{"line":120,"column":3}},"54":{"start":{"line":106,"column":2},"end":{"line":119,"column":3}},"55":{"start":{"line":107,"column":21},"end":{"line":107,"column":40}},"56":{"start":{"line":108,"column":19},"end":{"line":108,"column":30}},"57":{"start":{"line":110,"column":19},"end":{"line":110,"column":72}},"58":{"start":{"line":111,"column":4},"end":{"line":113,"column":5}},"59":{"start":{"line":112,"column":6},"end":{"line":112,"column":67}},"60":{"start":{"line":115,"column":4},"end":{"line":115,"column":45}},"61":{"start":{"line":116,"column":4},"end":{"line":116,"column":69}},"62":{"start":{"line":118,"column":4},"end":{"line":118,"column":63}},"63":{"start":{"line":123,"column":0},"end":{"line":151,"column":3}},"64":{"start":{"line":124,"column":2},"end":{"line":150,"column":3}},"65":{"start":{"line":125,"column":21},"end":{"line":125,"column":40}},"66":{"start":{"line":126,"column":19},"end":{"line":126,"column":30}},"67":{"start":{"line":129,"column":19},"end":{"line":129,"column":72}},"68":{"start":{"line":130,"column":4},"end":{"line":132,"column":5}},"69":{"start":{"line":131,"column":6},"end":{"line":131,"column":67}},"70":{"start":{"line":135,"column":4},"end":{"line":135,"column":28}},"71":{"start":{"line":138,"column":4},"end":{"line":138,"column":24}},"72":{"start":{"line":141,"column":4},"end":{"line":145,"column":6}},"73":{"start":{"line":147,"column":4},"end":{"line":147,"column":76}},"74":{"start":{"line":149,"column":4},"end":{"line":149,"column":63}},"75":{"start":{"line":153,"column":0},"end":{"line":153,"column":24}}},"fnMap":{"0":{"name":"(anonymous_0)","decl":{"start":{"line":9,"column":20},"end":{"line":9,"column":21}},"loc":{"start":{"line":9,"column":40},"end":{"line":22,"column":1}},"line":9},"1":{"name":"(anonymous_1)","decl":{"start":{"line":25,"column":41},"end":{"line":25,"column":42}},"loc":{"start":{"line":25,"column":61},"end":{"line":36,"column":1}},"line":25},"2":{"name":"(anonymous_2)","decl":{"start":{"line":39,"column":30},"end":{"line":39,"column":31}},"loc":{"start":{"line":39,"column":50},"end":{"line":68,"column":1}},"line":39},"3":{"name":"(anonymous_3)","decl":{"start":{"line":71,"column":38},"end":{"line":71,"column":39}},"loc":{"start":{"line":71,"column":58},"end":{"line":102,"column":1}},"line":71},"4":{"name":"(anonymous_4)","decl":{"start":{"line":105,"column":41},"end":{"line":105,"column":42}},"loc":{"start":{"line":105,"column":61},"end":{"line":120,"column":1}},"line":105},"5":{"name":"(anonymous_5)","decl":{"start":{"line":123,"column":47},"end":{"line":123,"column":48}},"loc":{"start":{"line":123,"column":67},"end":{"line":151,"column":1}},"line":123}},"branchMap":{"0":{"loc":{"start":{"line":11,"column":2},"end":{"line":13,"column":3}},"type":"if","locations":[{"start":{"line":11,"column":2},"end":{"line":13,"column":3}},{"start":{},"end":{}}],"line":11},"1":{"loc":{"start":{"line":28,"column":4},"end":{"line":30,"column":5}},"type":"if","locations":[{"start":{"line":28,"column":4},"end":{"line":30,"column":5}},{"start":{},"end":{}}],"line":28},"2":{"loc":{"start":{"line":44,"column":4},"end":{"line":46,"column":5}},"type":"if","locations":[{"start":{"line":44,"column":4},"end":{"line":46,"column":5}},{"start":{},"end":{}}],"line":44},"3":{"loc":{"start":{"line":44,"column":8},"end":{"line":44,"column":34}},"type":"binary-expr","locations":[{"start":{"line":44,"column":8},"end":{"line":44,"column":15}},{"start":{"line":44,"column":19},"end":{"line":44,"column":25}},{"start":{"line":44,"column":29},"end":{"line":44,"column":34}}],"line":44},"4":{"loc":{"start":{"line":77,"column":4},"end":{"line":79,"column":5}},"type":"if","locations":[{"start":{"line":77,"column":4},"end":{"line":79,"column":5}},{"start":{},"end":{}}],"line":77},"5":{"loc":{"start":{"line":77,"column":8},"end":{"line":77,"column":32}},"type":"binary-expr","locations":[{"start":{"line":77,"column":8},"end":{"line":77,"column":14}},{"start":{"line":77,"column":18},"end":{"line":77,"column":23}},{"start":{"line":77,"column":27},"end":{"line":77,"column":32}}],"line":77},"6":{"loc":{"start":{"line":82,"column":4},"end":{"line":84,"column":5}},"type":"if","locations":[{"start":{"line":82,"column":4},"end":{"line":84,"column":5}},{"start":{},"end":{}}],"line":82},"7":{"loc":{"start":{"line":86,"column":4},"end":{"line":88,"column":5}},"type":"if","locations":[{"start":{"line":86,"column":4},"end":{"line":88,"column":5}},{"start":{},"end":{}}],"line":86},"8":{"loc":{"start":{"line":89,"column":4},"end":{"line":91,"column":5}},"type":"if","locations":[{"start":{"line":89,"column":4},"end":{"line":91,"column":5}},{"start":{},"end":{}}],"line":89},"9":{"loc":{"start":{"line":92,"column":4},"end":{"line":94,"column":5}},"type":"if","locations":[{"start":{"line":92,"column":4},"end":{"line":94,"column":5}},{"start":{},"end":{}}],"line":92},"10":{"loc":{"start":{"line":111,"column":4},"end":{"line":113,"column":5}},"type":"if","locations":[{"start":{"line":111,"column":4},"end":{"line":113,"column":5}},{"start":{},"end":{}}],"line":111},"11":{"loc":{"start":{"line":130,"column":4},"end":{"line":132,"column":5}},"type":"if","locations":[{"start":{"line":130,"column":4},"end":{"line":132,"column":5}},{"start":{},"end":{}}],"line":130}},"s":{"0":6,"1":6,"2":6,"3":6,"4":6,"5":6,"6":6,"7":5,"8":5,"9":0,"10":5,"11":5,"12":5,"13":5,"14":0,"15":6,"16":1,"17":1,"18":1,"19":0,"20":1,"21":1,"22":0,"23":6,"24":1,"25":1,"26":1,"27":1,"28":0,"29":1,"30":1,"31":1,"32":1,"33":0,"34":6,"35":1,"36":1,"37":1,"38":1,"39":1,"40":0,"41":1,"42":1,"43":0,"44":1,"45":1,"46":1,"47":1,"48":1,"49":1,"50":1,"51":1,"52":0,"53":6,"54":1,"55":1,"56":1,"57":1,"58":1,"59":0,"60":1,"61":1,"62":0,"63":6,"64":1,"65":1,"66":1,"67":1,"68":1,"69":0,"70":1,"71":1,"72":1,"73":1,"74":0,"75":6},"f":{"0":5,"1":1,"2":1,"3":1,"4":1,"5":1},"b":{"0":[0,5],"1":[0,1],"2":[0,1],"3":[1,1,1],"4":[0,1],"5":[1,0,0],"6":[0,1],"7":[1,0],"8":[1,0],"9":[1,0],"10":[0,1],"11":[0,1]},"_coverageSchema":"1a1c01bbd47fc00a2c39e90264f33305004495a9","hash":"8ced0752e319f2bf30a7307d36bb0f1acdbfeec8"}
,"C:\\Users\\99943\\Desktop\\651repo\\memo-minder\\memo-backend\\controllers\\shop.js": {"path":"C:\\Users\\99943\\Desktop\\651repo\\memo-minder\\memo-backend\\controllers\\shop.js","statementMap":{"0":{"start":{"line":1,"column":19},"end":{"line":1,"column":46}},"1":{"start":{"line":2,"column":17},"end":{"line":2,"column":46}},"2":{"start":{"line":3,"column":12},"end":{"line":3,"column":35}},"3":{"start":{"line":8,"column":20},"end":{"line":21,"column":1}},"4":{"start":{"line":9,"column":16},"end":{"line":9,"column":41}},"5":{"start":{"line":10,"column":2},"end":{"line":12,"column":3}},"6":{"start":{"line":11,"column":4},"end":{"line":11,"column":76}},"7":{"start":{"line":14,"column":2},"end":{"line":20,"column":3}},"8":{"start":{"line":15,"column":20},"end":{"line":15,"column":57}},"9":{"start":{"line":16,"column":4},"end":{"line":16,"column":23}},"10":{"start":{"line":17,"column":4},"end":{"line":17,"column":11}},"11":{"start":{"line":19,"column":4},"end":{"line":19,"column":73}},"12":{"start":{"line":24,"column":0},"end":{"line":27,"column":3}},"13":{"start":{"line":25,"column":20},"end":{"line":25,"column":59}},"14":{"start":{"line":25,"column":56},"end":{"line":25,"column":58}},"15":{"start":{"line":26,"column":2},"end":{"line":26,"column":27}},"16":{"start":{"line":30,"column":0},"end":{"line":45,"column":3}},"17":{"start":{"line":31,"column":21},"end":{"line":31,"column":35}},"18":{"start":{"line":33,"column":15},"end":{"line":33,"column":46}},"19":{"start":{"line":34,"column":2},"end":{"line":36,"column":3}},"20":{"start":{"line":35,"column":4},"end":{"line":35,"column":66}},"21":{"start":{"line":38,"column":2},"end":{"line":40,"column":3}},"22":{"start":{"line":39,"column":4},"end":{"line":39,"column":68}},"23":{"start":{"line":44,"column":2},"end":{"line":44,"column":61}},"24":{"start":{"line":49,"column":0},"end":{"line":66,"column":3}},"25":{"start":{"line":50,"column":60},"end":{"line":50,"column":72}},"26":{"start":{"line":52,"column":18},"end":{"line":59,"column":4}},"27":{"start":{"line":61,"column":2},"end":{"line":65,"column":84}},"28":{"start":{"line":63,"column":6},"end":{"line":63,"column":43}},"29":{"start":{"line":65,"column":20},"end":{"line":65,"column":82}},"30":{"start":{"line":72,"column":0},"end":{"line":72,"column":27}}},"fnMap":{"0":{"name":"(anonymous_0)","decl":{"start":{"line":8,"column":20},"end":{"line":8,"column":21}},"loc":{"start":{"line":8,"column":40},"end":{"line":21,"column":1}},"line":8},"1":{"name":"(anonymous_1)","decl":{"start":{"line":24,"column":33},"end":{"line":24,"column":34}},"loc":{"start":{"line":24,"column":62},"end":{"line":27,"column":1}},"line":24},"2":{"name":"(anonymous_2)","decl":{"start":{"line":25,"column":50},"end":{"line":25,"column":51}},"loc":{"start":{"line":25,"column":56},"end":{"line":25,"column":58}},"line":25},"3":{"name":"(anonymous_3)","decl":{"start":{"line":30,"column":45},"end":{"line":30,"column":46}},"loc":{"start":{"line":30,"column":74},"end":{"line":45,"column":1}},"line":30},"4":{"name":"(anonymous_4)","decl":{"start":{"line":49,"column":30},"end":{"line":49,"column":31}},"loc":{"start":{"line":49,"column":59},"end":{"line":66,"column":1}},"line":49},"5":{"name":"(anonymous_5)","decl":{"start":{"line":62,"column":10},"end":{"line":62,"column":11}},"loc":{"start":{"line":62,"column":23},"end":{"line":64,"column":5}},"line":62},"6":{"name":"(anonymous_6)","decl":{"start":{"line":65,"column":11},"end":{"line":65,"column":12}},"loc":{"start":{"line":65,"column":20},"end":{"line":65,"column":82}},"line":65}},"branchMap":{"0":{"loc":{"start":{"line":10,"column":2},"end":{"line":12,"column":3}},"type":"if","locations":[{"start":{"line":10,"column":2},"end":{"line":12,"column":3}},{"start":{},"end":{}}],"line":10},"1":{"loc":{"start":{"line":34,"column":2},"end":{"line":36,"column":3}},"type":"if","locations":[{"start":{"line":34,"column":2},"end":{"line":36,"column":3}},{"start":{},"end":{}}],"line":34},"2":{"loc":{"start":{"line":38,"column":2},"end":{"line":40,"column":3}},"type":"if","locations":[{"start":{"line":38,"column":2},"end":{"line":40,"column":3}},{"start":{},"end":{}}],"line":38}},"s":{"0":6,"1":6,"2":6,"3":6,"4":0,"5":0,"6":0,"7":0,"8":0,"9":0,"10":0,"11":0,"12":6,"13":0,"14":0,"15":0,"16":6,"17":0,"18":0,"19":0,"20":0,"21":0,"22":0,"23":0,"24":6,"25":0,"26":0,"27":0,"28":0,"29":0,"30":6},"f":{"0":0,"1":0,"2":0,"3":0,"4":0,"5":0,"6":0},"b":{"0":[0,0],"1":[0,0],"2":[0,0]},"_coverageSchema":"1a1c01bbd47fc00a2c39e90264f33305004495a9","hash":"9f2a85fd87247b681584e8d04bf6340e822ed277"}
,"C:\\Users\\99943\\Desktop\\651repo\\memo-minder\\memo-backend\\controllers\\todos.js": {"path":"C:\\Users\\99943\\Desktop\\651repo\\memo-minder\\memo-backend\\controllers\\todos.js","statementMap":{"0":{"start":{"line":1,"column":16},"end":{"line":1,"column":34}},"1":{"start":{"line":2,"column":15},"end":{"line":2,"column":31}},"2":{"start":{"line":3,"column":12},"end":{"line":3,"column":35}},"3":{"start":{"line":4,"column":13},"end":{"line":4,"column":38}},"4":{"start":{"line":5,"column":16},"end":{"line":5,"column":44}},"5":{"start":{"line":6,"column":41},"end":{"line":6,"column":75}},"6":{"start":{"line":10,"column":20},"end":{"line":23,"column":1}},"7":{"start":{"line":11,"column":16},"end":{"line":11,"column":41}},"8":{"start":{"line":12,"column":2},"end":{"line":14,"column":3}},"9":{"start":{"line":13,"column":4},"end":{"line":13,"column":76}},"10":{"start":{"line":16,"column":2},"end":{"line":22,"column":3}},"11":{"start":{"line":17,"column":20},"end":{"line":17,"column":57}},"12":{"start":{"line":18,"column":4},"end":{"line":18,"column":23}},"13":{"start":{"line":19,"column":4},"end":{"line":19,"column":11}},"14":{"start":{"line":21,"column":4},"end":{"line":21,"column":73}},"15":{"start":{"line":26,"column":0},"end":{"line":54,"column":3}},"16":{"start":{"line":27,"column":2},"end":{"line":53,"column":3}},"17":{"start":{"line":28,"column":37},"end":{"line":28,"column":45}},"18":{"start":{"line":29,"column":19},"end":{"line":29,"column":30}},"19":{"start":{"line":31,"column":4},"end":{"line":33,"column":5}},"20":{"start":{"line":32,"column":6},"end":{"line":32,"column":82}},"21":{"start":{"line":35,"column":17},"end":{"line":40,"column":6}},"22":{"start":{"line":42,"column":4},"end":{"line":42,"column":22}},"23":{"start":{"line":44,"column":4},"end":{"line":48,"column":6}},"24":{"start":{"line":50,"column":4},"end":{"line":50,"column":71}},"25":{"start":{"line":52,"column":4},"end":{"line":52,"column":63}},"26":{"start":{"line":57,"column":0},"end":{"line":68,"column":3}},"27":{"start":{"line":58,"column":2},"end":{"line":67,"column":3}},"28":{"start":{"line":59,"column":19},"end":{"line":59,"column":36}},"29":{"start":{"line":60,"column":4},"end":{"line":62,"column":5}},"30":{"start":{"line":61,"column":6},"end":{"line":61,"column":97}},"31":{"start":{"line":63,"column":18},"end":{"line":63,"column":51}},"32":{"start":{"line":64,"column":4},"end":{"line":64,"column":36}},"33":{"start":{"line":66,"column":4},"end":{"line":66,"column":63}},"34":{"start":{"line":71,"column":0},"end":{"line":102,"column":3}},"35":{"start":{"line":72,"column":2},"end":{"line":101,"column":3}},"36":{"start":{"line":73,"column":19},"end":{"line":73,"column":36}},"37":{"start":{"line":74,"column":19},"end":{"line":74,"column":30}},"38":{"start":{"line":75,"column":37},"end":{"line":75,"column":45}},"39":{"start":{"line":77,"column":4},"end":{"line":79,"column":5}},"40":{"start":{"line":78,"column":6},"end":{"line":78,"column":104}},"41":{"start":{"line":81,"column":17},"end":{"line":81,"column":66}},"42":{"start":{"line":82,"column":4},"end":{"line":84,"column":5}},"43":{"start":{"line":83,"column":6},"end":{"line":83,"column":65}},"44":{"start":{"line":86,"column":4},"end":{"line":88,"column":5}},"45":{"start":{"line":87,"column":6},"end":{"line":87,"column":25}},"46":{"start":{"line":89,"column":4},"end":{"line":91,"column":5}},"47":{"start":{"line":90,"column":6},"end":{"line":90,"column":23}},"48":{"start":{"line":92,"column":4},"end":{"line":94,"column":5}},"49":{"start":{"line":93,"column":6},"end":{"line":93,"column":29}},"50":{"start":{"line":96,"column":4},"end":{"line":96,"column":22}},"51":{"start":{"line":98,"column":4},"end":{"line":98,"column":74}},"52":{"start":{"line":100,"column":4},"end":{"line":100,"column":63}},"53":{"start":{"line":105,"column":0},"end":{"line":120,"column":3}},"54":{"start":{"line":106,"column":2},"end":{"line":119,"column":3}},"55":{"start":{"line":107,"column":19},"end":{"line":107,"column":36}},"56":{"start":{"line":108,"column":19},"end":{"line":108,"column":30}},"57":{"start":{"line":110,"column":17},"end":{"line":110,"column":66}},"58":{"start":{"line":111,"column":4},"end":{"line":113,"column":5}},"59":{"start":{"line":112,"column":6},"end":{"line":112,"column":65}},"60":{"start":{"line":115,"column":4},"end":{"line":115,"column":41}},"61":{"start":{"line":116,"column":4},"end":{"line":116,"column":67}},"62":{"start":{"line":118,"column":4},"end":{"line":118,"column":63}},"63":{"start":{"line":123,"column":0},"end":{"line":159,"column":3}},"64":{"start":{"line":124,"column":2},"end":{"line":158,"column":3}},"65":{"start":{"line":125,"column":19},"end":{"line":125,"column":36}},"66":{"start":{"line":126,"column":19},"end":{"line":126,"column":30}},"67":{"start":{"line":129,"column":17},"end":{"line":129,"column":66}},"68":{"start":{"line":130,"column":4},"end":{"line":132,"column":5}},"69":{"start":{"line":131,"column":6},"end":{"line":131,"column":65}},"70":{"start":{"line":135,"column":4},"end":{"line":137,"column":5}},"71":{"start":{"line":136,"column":6},"end":{"line":136,"column":76}},"72":{"start":{"line":140,"column":4},"end":{"line":140,"column":26}},"73":{"start":{"line":143,"column":4},"end":{"line":143,"column":22}},"74":{"start":{"line":146,"column":4},"end":{"line":150,"column":6}},"75":{"start":{"line":153,"column":27},"end":{"line":153,"column":81}},"76":{"start":{"line":155,"column":4},"end":{"line":155,"column":88}},"77":{"start":{"line":157,"column":4},"end":{"line":157,"column":63}},"78":{"start":{"line":161,"column":0},"end":{"line":161,"column":24}}},"fnMap":{"0":{"name":"(anonymous_0)","decl":{"start":{"line":10,"column":20},"end":{"line":10,"column":21}},"loc":{"start":{"line":10,"column":40},"end":{"line":23,"column":1}},"line":10},"1":{"name":"(anonymous_1)","decl":{"start":{"line":26,"column":30},"end":{"line":26,"column":31}},"loc":{"start":{"line":26,"column":50},"end":{"line":54,"column":1}},"line":26},"2":{"name":"(anonymous_2)","decl":{"start":{"line":57,"column":41},"end":{"line":57,"column":42}},"loc":{"start":{"line":57,"column":61},"end":{"line":68,"column":1}},"line":57},"3":{"name":"(anonymous_3)","decl":{"start":{"line":71,"column":36},"end":{"line":71,"column":37}},"loc":{"start":{"line":71,"column":56},"end":{"line":102,"column":1}},"line":71},"4":{"name":"(anonymous_4)","decl":{"start":{"line":105,"column":39},"end":{"line":105,"column":40}},"loc":{"start":{"line":105,"column":59},"end":{"line":120,"column":1}},"line":105},"5":{"name":"(anonymous_5)","decl":{"start":{"line":123,"column":45},"end":{"line":123,"column":46}},"loc":{"start":{"line":123,"column":65},"end":{"line":159,"column":1}},"line":123}},"branchMap":{"0":{"loc":{"start":{"line":12,"column":2},"end":{"line":14,"column":3}},"type":"if","locations":[{"start":{"line":12,"column":2},"end":{"line":14,"column":3}},{"start":{},"end":{}}],"line":12},"1":{"loc":{"start":{"line":31,"column":4},"end":{"line":33,"column":5}},"type":"if","locations":[{"start":{"line":31,"column":4},"end":{"line":33,"column":5}},{"start":{},"end":{}}],"line":31},"2":{"loc":{"start":{"line":31,"column":8},"end":{"line":31,"column":26}},"type":"binary-expr","locations":[{"start":{"line":31,"column":8},"end":{"line":31,"column":14}},{"start":{"line":31,"column":18},"end":{"line":31,"column":26}}],"line":31},"3":{"loc":{"start":{"line":60,"column":4},"end":{"line":62,"column":5}},"type":"if","locations":[{"start":{"line":60,"column":4},"end":{"line":62,"column":5}},{"start":{},"end":{}}],"line":60},"4":{"loc":{"start":{"line":77,"column":4},"end":{"line":79,"column":5}},"type":"if","locations":[{"start":{"line":77,"column":4},"end":{"line":79,"column":5}},{"start":{},"end":{}}],"line":77},"5":{"loc":{"start":{"line":77,"column":8},"end":{"line":77,"column":35}},"type":"binary-expr","locations":[{"start":{"line":77,"column":8},"end":{"line":77,"column":14}},{"start":{"line":77,"column":18},"end":{"line":77,"column":23}},{"start":{"line":77,"column":27},"end":{"line":77,"column":35}}],"line":77},"6":{"loc":{"start":{"line":82,"column":4},"end":{"line":84,"column":5}},"type":"if","locations":[{"start":{"line":82,"column":4},"end":{"line":84,"column":5}},{"start":{},"end":{}}],"line":82},"7":{"loc":{"start":{"line":86,"column":4},"end":{"line":88,"column":5}},"type":"if","locations":[{"start":{"line":86,"column":4},"end":{"line":88,"column":5}},{"start":{},"end":{}}],"line":86},"8":{"loc":{"start":{"line":89,"column":4},"end":{"line":91,"column":5}},"type":"if","locations":[{"start":{"line":89,"column":4},"end":{"line":91,"column":5}},{"start":{},"end":{}}],"line":89},"9":{"loc":{"start":{"line":92,"column":4},"end":{"line":94,"column":5}},"type":"if","locations":[{"start":{"line":92,"column":4},"end":{"line":94,"column":5}},{"start":{},"end":{}}],"line":92},"10":{"loc":{"start":{"line":111,"column":4},"end":{"line":113,"column":5}},"type":"if","locations":[{"start":{"line":111,"column":4},"end":{"line":113,"column":5}},{"start":{},"end":{}}],"line":111},"11":{"loc":{"start":{"line":130,"column":4},"end":{"line":132,"column":5}},"type":"if","locations":[{"start":{"line":130,"column":4},"end":{"line":132,"column":5}},{"start":{},"end":{}}],"line":130},"12":{"loc":{"start":{"line":135,"column":4},"end":{"line":137,"column":5}},"type":"if","locations":[{"start":{"line":135,"column":4},"end":{"line":137,"column":5}},{"start":{},"end":{}}],"line":135}},"s":{"0":6,"1":6,"2":6,"3":6,"4":6,"5":6,"6":6,"7":5,"8":5,"9":0,"10":5,"11":5,"12":5,"13":5,"14":0,"15":6,"16":1,"17":1,"18":1,"19":1,"20":0,"21":1,"22":1,"23":1,"24":1,"25":0,"26":6,"27":1,"28":1,"29":1,"30":0,"31":1,"32":1,"33":0,"34":6,"35":1,"36":1,"37":1,"38":1,"39":1,"40":0,"41":1,"42":1,"43":0,"44":1,"45":1,"46":1,"47":1,"48":1,"49":1,"50":1,"51":1,"52":0,"53":6,"54":1,"55":1,"56":1,"57":1,"58":1,"59":0,"60":1,"61":1,"62":0,"63":6,"64":1,"65":1,"66":1,"67":1,"68":1,"69":0,"70":1,"71":0,"72":1,"73":1,"74":1,"75":1,"76":1,"77":0,"78":6},"f":{"0":5,"1":1,"2":1,"3":1,"4":1,"5":1},"b":{"0":[0,5],"1":[0,1],"2":[1,1],"3":[0,1],"4":[0,1],"5":[1,0,0],"6":[0,1],"7":[1,0],"8":[1,0],"9":[1,0],"10":[0,1],"11":[0,1],"12":[0,1]},"_coverageSchema":"1a1c01bbd47fc00a2c39e90264f33305004495a9","hash":"262845767f451070420e3a077f76cc350a1008c8"}
,"C:\\Users\\99943\\Desktop\\651repo\\memo-minder\\memo-backend\\controllers\\users.js": {"path":"C:\\Users\\99943\\Desktop\\651repo\\memo-minder\\memo-backend\\controllers\\users.js","statementMap":{"0":{"start":{"line":1,"column":15},"end":{"line":1,"column":32}},"1":{"start":{"line":2,"column":20},"end":{"line":2,"column":47}},"2":{"start":{"line":3,"column":13},"end":{"line":3,"column":38}},"3":{"start":{"line":4,"column":16},"end":{"line":4,"column":44}},"4":{"start":{"line":7,"column":0},"end":{"line":11,"column":2}},"5":{"start":{"line":8,"column":16},"end":{"line":9,"column":13}},"6":{"start":{"line":10,"column":2},"end":{"line":10,"column":22}},"7":{"start":{"line":13,"column":0},"end":{"line":55,"column":2}},"8":{"start":{"line":14,"column":15},"end":{"line":14,"column":27}},"9":{"start":{"line":16,"column":2},"end":{"line":18,"column":3}},"10":{"start":{"line":17,"column":4},"end":{"line":17,"column":94}},"11":{"start":{"line":19,"column":2},"end":{"line":21,"column":3}},"12":{"start":{"line":20,"column":4},"end":{"line":20,"column":94}},"13":{"start":{"line":23,"column":21},"end":{"line":23,"column":49}},"14":{"start":{"line":24,"column":2},"end":{"line":26,"column":3}},"15":{"start":{"line":25,"column":4},"end":{"line":25,"column":72}},"16":{"start":{"line":28,"column":21},"end":{"line":28,"column":23}},"17":{"start":{"line":29,"column":23},"end":{"line":29,"column":67}},"18":{"start":{"line":31,"column":15},"end":{"line":35,"column":4}},"19":{"start":{"line":37,"column":20},"end":{"line":37,"column":37}},"20":{"start":{"line":40,"column":25},"end":{"line":46,"column":4}},"21":{"start":{"line":48,"column":23},"end":{"line":48,"column":50}},"22":{"start":{"line":50,"column":2},"end":{"line":50,"column":38}},"23":{"start":{"line":58,"column":0},"end":{"line":58,"column":28}}},"fnMap":{"0":{"name":"(anonymous_0)","decl":{"start":{"line":7,"column":21},"end":{"line":7,"column":22}},"loc":{"start":{"line":7,"column":50},"end":{"line":11,"column":1}},"line":7},"1":{"name":"(anonymous_1)","decl":{"start":{"line":13,"column":22},"end":{"line":13,"column":23}},"loc":{"start":{"line":13,"column":51},"end":{"line":55,"column":1}},"line":13}},"branchMap":{"0":{"loc":{"start":{"line":16,"column":2},"end":{"line":18,"column":3}},"type":"if","locations":[{"start":{"line":16,"column":2},"end":{"line":18,"column":3}},{"start":{},"end":{}}],"line":16},"1":{"loc":{"start":{"line":16,"column":6},"end":{"line":16,"column":48}},"type":"binary-expr","locations":[{"start":{"line":16,"column":6},"end":{"line":16,"column":20}},{"start":{"line":16,"column":24},"end":{"line":16,"column":48}}],"line":16},"2":{"loc":{"start":{"line":19,"column":2},"end":{"line":21,"column":3}},"type":"if","locations":[{"start":{"line":19,"column":2},"end":{"line":21,"column":3}},{"start":{},"end":{}}],"line":19},"3":{"loc":{"start":{"line":19,"column":6},"end":{"line":19,"column":48}},"type":"binary-expr","locations":[{"start":{"line":19,"column":6},"end":{"line":19,"column":20}},{"start":{"line":19,"column":24},"end":{"line":19,"column":48}}],"line":19},"4":{"loc":{"start":{"line":24,"column":2},"end":{"line":26,"column":3}},"type":"if","locations":[{"start":{"line":24,"column":2},"end":{"line":26,"column":3}},{"start":{},"end":{}}],"line":24},"5":{"loc":{"start":{"line":24,"column":6},"end":{"line":24,"column":49}},"type":"binary-expr","locations":[{"start":{"line":24,"column":6},"end":{"line":24,"column":17}},{"start":{"line":24,"column":21},"end":{"line":24,"column":49}}],"line":24}},"s":{"0":6,"1":6,"2":6,"3":6,"4":6,"5":0,"6":0,"7":6,"8":6,"9":6,"10":0,"11":6,"12":0,"13":6,"14":6,"15":0,"16":6,"17":6,"18":6,"19":6,"20":6,"21":6,"22":6,"23":6},"f":{"0":0,"1":6},"b":{"0":[0,6],"1":[6,6],"2":[0,6],"3":[6,6],"4":[0,6],"5":[6,6]},"_coverageSchema":"1a1c01bbd47fc00a2c39e90264f33305004495a9","hash":"3bec0b638fe083b66c015ddeeb138e53c2454e32"}
,"C:\\Users\\99943\\Desktop\\651repo\\memo-minder\\memo-backend\\models\\daily.js": {"path":"C:\\Users\\99943\\Desktop\\651repo\\memo-minder\\memo-backend\\models\\daily.js","statementMap":{"0":{"start":{"line":1,"column":17},"end":{"line":1,"column":36}},"1":{"start":{"line":3,"column":20},"end":{"line":37,"column":2}},"2":{"start":{"line":39,"column":14},"end":{"line":39,"column":50}},"3":{"start":{"line":41,"column":0},"end":{"line":41,"column":23}}},"fnMap":{},"branchMap":{},"s":{"0":6,"1":6,"2":6,"3":6},"f":{},"b":{},"_coverageSchema":"1a1c01bbd47fc00a2c39e90264f33305004495a9","hash":"6eb21e13c9aec8cc0373aaa2d958931fee06f86a"}
,"C:\\Users\\99943\\Desktop\\651repo\\memo-minder\\memo-backend\\models\\habit.js": {"path":"C:\\Users\\99943\\Desktop\\651repo\\memo-minder\\memo-backend\\models\\habit.js","statementMap":{"0":{"start":{"line":1,"column":17},"end":{"line":1,"column":36}},"1":{"start":{"line":3,"column":20},"end":{"line":24,"column":2}},"2":{"start":{"line":27,"column":0},"end":{"line":42,"column":3}},"3":{"start":{"line":32,"column":6},"end":{"line":32,"column":62}},"4":{"start":{"line":39,"column":6},"end":{"line":39,"column":62}},"5":{"start":{"line":44,"column":14},"end":{"line":44,"column":50}},"6":{"start":{"line":46,"column":0},"end":{"line":46,"column":23}}},"fnMap":{"0":{"name":"(anonymous_0)","decl":{"start":{"line":31,"column":14},"end":{"line":31,"column":15}},"loc":{"start":{"line":31,"column":25},"end":{"line":33,"column":5}},"line":31},"1":{"name":"(anonymous_1)","decl":{"start":{"line":38,"column":14},"end":{"line":38,"column":15}},"loc":{"start":{"line":38,"column":25},"end":{"line":40,"column":5}},"line":38}},"branchMap":{"0":{"loc":{"start":{"line":32,"column":13},"end":{"line":32,"column":61}},"type":"binary-expr","locations":[{"start":{"line":32,"column":13},"end":{"line":32,"column":37}},{"start":{"line":32,"column":41},"end":{"line":32,"column":61}}],"line":32},"1":{"loc":{"start":{"line":39,"column":13},"end":{"line":39,"column":61}},"type":"binary-expr","locations":[{"start":{"line":39,"column":13},"end":{"line":39,"column":37}},{"start":{"line":39,"column":41},"end":{"line":39,"column":61}}],"line":39}},"s":{"0":6,"1":6,"2":6,"3":5,"4":5,"5":6,"6":6},"f":{"0":5,"1":5},"b":{"0":[5,0],"1":[5,5]},"_coverageSchema":"1a1c01bbd47fc00a2c39e90264f33305004495a9","hash":"1ebb62733a7afb3f590e6edd34a4ebf76ba7a0c5"}
,"C:\\Users\\99943\\Desktop\\651repo\\memo-minder\\memo-backend\\models\\history.js": {"path":"C:\\Users\\99943\\Desktop\\651repo\\memo-minder\\memo-backend\\models\\history.js","statementMap":{"0":{"start":{"line":1,"column":17},"end":{"line":1,"column":36}},"1":{"start":{"line":3,"column":22},"end":{"line":40,"column":2}},"2":{"start":{"line":42,"column":16},"end":{"line":42,"column":56}},"3":{"start":{"line":44,"column":0},"end":{"line":44,"column":25}}},"fnMap":{},"branchMap":{},"s":{"0":6,"1":6,"2":6,"3":6},"f":{},"b":{},"_coverageSchema":"1a1c01bbd47fc00a2c39e90264f33305004495a9","hash":"d846aec166acd40606d4449d23dce776a53d7543"}
,"C:\\Users\\99943\\Desktop\\651repo\\memo-minder\\memo-backend\\models\\profile.js": {"path":"C:\\Users\\99943\\Desktop\\651repo\\memo-minder\\memo-backend\\models\\profile.js","statementMap":{"0":{"start":{"line":1,"column":17},"end":{"line":1,"column":36}},"1":{"start":{"line":3,"column":22},"end":{"line":25,"column":2}},"2":{"start":{"line":28,"column":0},"end":{"line":34,"column":2}},"3":{"start":{"line":30,"column":4},"end":{"line":30,"column":53}},"4":{"start":{"line":31,"column":4},"end":{"line":31,"column":29}},"5":{"start":{"line":32,"column":4},"end":{"line":32,"column":29}},"6":{"start":{"line":36,"column":16},"end":{"line":36,"column":56}},"7":{"start":{"line":37,"column":0},"end":{"line":37,"column":24}}},"fnMap":{"0":{"name":"(anonymous_0)","decl":{"start":{"line":29,"column":13},"end":{"line":29,"column":14}},"loc":{"start":{"line":29,"column":43},"end":{"line":33,"column":3}},"line":29}},"branchMap":{},"s":{"0":6,"1":6,"2":6,"3":4,"4":4,"5":4,"6":6,"7":6},"f":{"0":4},"b":{},"_coverageSchema":"1a1c01bbd47fc00a2c39e90264f33305004495a9","hash":"f1ca6c76c42d2a33ae6524ebcca869a4b8de77dd"}
,"C:\\Users\\99943\\Desktop\\651repo\\memo-minder\\memo-backend\\models\\reward.js": {"path":"C:\\Users\\99943\\Desktop\\651repo\\memo-minder\\memo-backend\\models\\reward.js","statementMap":{"0":{"start":{"line":1,"column":17},"end":{"line":1,"column":36}},"1":{"start":{"line":3,"column":21},"end":{"line":28,"column":2}},"2":{"start":{"line":30,"column":15},"end":{"line":30,"column":53}},"3":{"start":{"line":32,"column":0},"end":{"line":32,"column":24}}},"fnMap":{},"branchMap":{},"s":{"0":6,"1":6,"2":6,"3":6},"f":{},"b":{},"_coverageSchema":"1a1c01bbd47fc00a2c39e90264f33305004495a9","hash":"43a4834a90a7fc4bf4b6337bda4de0472295f0ef"}
,"C:\\Users\\99943\\Desktop\\651repo\\memo-minder\\memo-backend\\models\\shopItem.js": {"path":"C:\\Users\\99943\\Desktop\\651repo\\memo-minder\\memo-backend\\models\\shopItem.js","statementMap":{"0":{"start":{"line":1,"column":17},"end":{"line":1,"column":36}},"1":{"start":{"line":3,"column":23},"end":{"line":27,"column":2}},"2":{"start":{"line":29,"column":17},"end":{"line":29,"column":59}},"3":{"start":{"line":31,"column":0},"end":{"line":31,"column":26}}},"fnMap":{},"branchMap":{},"s":{"0":6,"1":6,"2":6,"3":6},"f":{},"b":{},"_coverageSchema":"1a1c01bbd47fc00a2c39e90264f33305004495a9","hash":"8b91d3c43f0ebb0e48c4b1efca6b2bf0a6bde992"}
,"C:\\Users\\99943\\Desktop\\651repo\\memo-minder\\memo-backend\\models\\todo.js": {"path":"C:\\Users\\99943\\Desktop\\651repo\\memo-minder\\memo-backend\\models\\todo.js","statementMap":{"0":{"start":{"line":1,"column":17},"end":{"line":1,"column":36}},"1":{"start":{"line":3,"column":19},"end":{"line":27,"column":2}},"2":{"start":{"line":29,"column":13},"end":{"line":29,"column":47}},"3":{"start":{"line":31,"column":0},"end":{"line":31,"column":22}}},"fnMap":{},"branchMap":{},"s":{"0":6,"1":6,"2":6,"3":6},"f":{},"b":{},"_coverageSchema":"1a1c01bbd47fc00a2c39e90264f33305004495a9","hash":"2d57e533ec5055ac49926ea7a766811a40ad3098"}
,"C:\\Users\\99943\\Desktop\\651repo\\memo-minder\\memo-backend\\models\\user.js": {"path":"C:\\Users\\99943\\Desktop\\651repo\\memo-minder\\memo-backend\\models\\user.js","statementMap":{"0":{"start":{"line":1,"column":17},"end":{"line":1,"column":36}},"1":{"start":{"line":2,"column":24},"end":{"line":2,"column":60}},"2":{"start":{"line":4,"column":19},"end":{"line":12,"column":2}},"3":{"start":{"line":14,"column":0},"end":{"line":14,"column":34}},"4":{"start":{"line":16,"column":0},"end":{"line":23,"column":2}},"5":{"start":{"line":18,"column":4},"end":{"line":18,"column":53}},"6":{"start":{"line":19,"column":4},"end":{"line":19,"column":29}},"7":{"start":{"line":20,"column":4},"end":{"line":20,"column":29}},"8":{"start":{"line":21,"column":4},"end":{"line":21,"column":38}},"9":{"start":{"line":25,"column":13},"end":{"line":25,"column":47}},"10":{"start":{"line":26,"column":0},"end":{"line":26,"column":21}}},"fnMap":{"0":{"name":"(anonymous_0)","decl":{"start":{"line":17,"column":13},"end":{"line":17,"column":14}},"loc":{"start":{"line":17,"column":43},"end":{"line":22,"column":3}},"line":17}},"branchMap":{},"s":{"0":6,"1":6,"2":6,"3":6,"4":6,"5":6,"6":6,"7":6,"8":6,"9":6,"10":6},"f":{"0":6},"b":{},"_coverageSchema":"1a1c01bbd47fc00a2c39e90264f33305004495a9","hash":"b401820e94eb69ae2ac2df84d19efc3ceb4a20f9"}
,"C:\\Users\\99943\\Desktop\\651repo\\memo-minder\\memo-backend\\utils\\config.js": {"path":"C:\\Users\\99943\\Desktop\\651repo\\memo-minder\\memo-backend\\utils\\config.js","statementMap":{"0":{"start":{"line":1,"column":0},"end":{"line":1,"column":26}},"1":{"start":{"line":3,"column":13},"end":{"line":3,"column":29}},"2":{"start":{"line":4,"column":20},"end":{"line":4,"column":43}},"3":{"start":{"line":5,"column":25},"end":{"line":5,"column":53}},"4":{"start":{"line":6,"column":13},"end":{"line":6,"column":29}},"5":{"start":{"line":8,"column":0},"end":{"line":13,"column":1}}},"fnMap":{},"branchMap":{},"s":{"0":6,"1":6,"2":6,"3":6,"4":6,"5":6},"f":{},"b":{},"_coverageSchema":"1a1c01bbd47fc00a2c39e90264f33305004495a9","hash":"8779f26e4c8c4eed2ac8f894f9a21a8b4cd68b1f"}
,"C:\\Users\\99943\\Desktop\\651repo\\memo-minder\\memo-backend\\utils\\logger.js": {"path":"C:\\Users\\99943\\Desktop\\651repo\\memo-minder\\memo-backend\\utils\\logger.js","statementMap":{"0":{"start":{"line":1,"column":13},"end":{"line":3,"column":1}},"1":{"start":{"line":2,"column":2},"end":{"line":2,"column":24}},"2":{"start":{"line":5,"column":14},"end":{"line":7,"column":1}},"3":{"start":{"line":6,"column":2},"end":{"line":6,"column":26}},"4":{"start":{"line":9,"column":0},"end":{"line":11,"column":1}}},"fnMap":{"0":{"name":"(anonymous_0)","decl":{"start":{"line":1,"column":13},"end":{"line":1,"column":14}},"loc":{"start":{"line":1,"column":28},"end":{"line":3,"column":1}},"line":1},"1":{"name":"(anonymous_1)","decl":{"start":{"line":5,"column":14},"end":{"line":5,"column":15}},"loc":{"start":{"line":5,"column":29},"end":{"line":7,"column":1}},"line":5}},"branchMap":{},"s":{"0":6,"1":0,"2":6,"3":0,"4":6},"f":{"0":0,"1":0},"b":{},"_coverageSchema":"1a1c01bbd47fc00a2c39e90264f33305004495a9","hash":"a69757bf44c90a52c9161fd082f411b1b865765d"}
,"C:\\Users\\99943\\Desktop\\651repo\\memo-minder\\memo-backend\\utils\\middleware.js": {"path":"C:\\Users\\99943\\Desktop\\651repo\\memo-minder\\memo-backend\\utils\\middleware.js","statementMap":{"0":{"start":{"line":1,"column":15},"end":{"line":1,"column":34}},"1":{"start":{"line":4,"column":24},"end":{"line":6,"column":1}},"2":{"start":{"line":5,"column":2},"end":{"line":5,"column":58}},"3":{"start":{"line":8,"column":21},"end":{"line":21,"column":1}},"4":{"start":{"line":9,"column":2},"end":{"line":9,"column":29}},"5":{"start":{"line":11,"column":2},"end":{"line":19,"column":3}},"6":{"start":{"line":12,"column":4},"end":{"line":12,"column":66}},"7":{"start":{"line":13,"column":9},"end":{"line":19,"column":3}},"8":{"start":{"line":14,"column":4},"end":{"line":14,"column":62}},"9":{"start":{"line":15,"column":9},"end":{"line":19,"column":3}},"10":{"start":{"line":16,"column":4},"end":{"line":16,"column":62}},"11":{"start":{"line":17,"column":9},"end":{"line":19,"column":3}},"12":{"start":{"line":18,"column":4},"end":{"line":18,"column":64}},"13":{"start":{"line":20,"column":2},"end":{"line":20,"column":13}},"14":{"start":{"line":25,"column":0},"end":{"line":28,"column":1}}},"fnMap":{"0":{"name":"(anonymous_0)","decl":{"start":{"line":4,"column":24},"end":{"line":4,"column":25}},"loc":{"start":{"line":4,"column":47},"end":{"line":6,"column":1}},"line":4},"1":{"name":"(anonymous_1)","decl":{"start":{"line":8,"column":21},"end":{"line":8,"column":22}},"loc":{"start":{"line":8,"column":57},"end":{"line":21,"column":1}},"line":8}},"branchMap":{"0":{"loc":{"start":{"line":11,"column":2},"end":{"line":19,"column":3}},"type":"if","locations":[{"start":{"line":11,"column":2},"end":{"line":19,"column":3}},{"start":{"line":13,"column":9},"end":{"line":19,"column":3}}],"line":11},"1":{"loc":{"start":{"line":13,"column":9},"end":{"line":19,"column":3}},"type":"if","locations":[{"start":{"line":13,"column":9},"end":{"line":19,"column":3}},{"start":{"line":15,"column":9},"end":{"line":19,"column":3}}],"line":13},"2":{"loc":{"start":{"line":15,"column":9},"end":{"line":19,"column":3}},"type":"if","locations":[{"start":{"line":15,"column":9},"end":{"line":19,"column":3}},{"start":{"line":17,"column":9},"end":{"line":19,"column":3}}],"line":15},"3":{"loc":{"start":{"line":17,"column":9},"end":{"line":19,"column":3}},"type":"if","locations":[{"start":{"line":17,"column":9},"end":{"line":19,"column":3}},{"start":{},"end":{}}],"line":17}},"s":{"0":6,"1":6,"2":0,"3":6,"4":0,"5":0,"6":0,"7":0,"8":0,"9":0,"10":0,"11":0,"12":0,"13":0,"14":6},"f":{"0":0,"1":0},"b":{"0":[0,0],"1":[0,0],"2":[0,0],"3":[0,0]},"_coverageSchema":"1a1c01bbd47fc00a2c39e90264f33305004495a9","hash":"cf843dcdeed14f0a63316d1f75010d2536c749fb"}
,"C:\\Users\\99943\\Desktop\\651repo\\memo-minder\\memo-backend\\utils\\profileHelpers.js": {"path":"C:\\Users\\99943\\Desktop\\651repo\\memo-minder\\memo-backend\\utils\\profileHelpers.js","statementMap":{"0":{"start":{"line":1,"column":16},"end":{"line":1,"column":44}},"1":{"start":{"line":6,"column":18},"end":{"line":6,"column":51}},"2":{"start":{"line":7,"column":2},"end":{"line":9,"column":3}},"3":{"start":{"line":8,"column":4},"end":{"line":8,"column":41}},"4":{"start":{"line":12,"column":22},"end":{"line":17,"column":3}},"5":{"start":{"line":19,"column":17},"end":{"line":19,"column":38}},"6":{"start":{"line":20,"column":2},"end":{"line":22,"column":3}},"7":{"start":{"line":21,"column":4},"end":{"line":21,"column":41}},"8":{"start":{"line":25,"column":2},"end":{"line":25,"column":63}},"9":{"start":{"line":26,"column":2},"end":{"line":26,"column":32}},"10":{"start":{"line":27,"column":2},"end":{"line":27,"column":42}},"11":{"start":{"line":30,"column":2},"end":{"line":34,"column":3}},"12":{"start":{"line":31,"column":4},"end":{"line":31,"column":23}},"13":{"start":{"line":32,"column":4},"end":{"line":32,"column":30}},"14":{"start":{"line":33,"column":4},"end":{"line":33,"column":25}},"15":{"start":{"line":37,"column":2},"end":{"line":37,"column":23}},"16":{"start":{"line":39,"column":2},"end":{"line":39,"column":17}},"17":{"start":{"line":42,"column":0},"end":{"line":42,"column":50}}},"fnMap":{"0":{"name":"updateProfileAfterTaskCompletion","decl":{"start":{"line":4,"column":15},"end":{"line":4,"column":47}},"loc":{"start":{"line":4,"column":66},"end":{"line":40,"column":1}},"line":4}},"branchMap":{"0":{"loc":{"start":{"line":7,"column":2},"end":{"line":9,"column":3}},"type":"if","locations":[{"start":{"line":7,"column":2},"end":{"line":9,"column":3}},{"start":{},"end":{}}],"line":7},"1":{"loc":{"start":{"line":20,"column":2},"end":{"line":22,"column":3}},"type":"if","locations":[{"start":{"line":20,"column":2},"end":{"line":22,"column":3}},{"start":{},"end":{}}],"line":20},"2":{"loc":{"start":{"line":30,"column":2},"end":{"line":34,"column":3}},"type":"if","locations":[{"start":{"line":30,"column":2},"end":{"line":34,"column":3}},{"start":{},"end":{}}],"line":30}},"s":{"0":6,"1":4,"2":4,"3":0,"4":4,"5":4,"6":4,"7":0,"8":4,"9":4,"10":4,"11":4,"12":0,"13":0,"14":0,"15":4,"16":4,"17":6},"f":{"0":4},"b":{"0":[0,4],"1":[0,4],"2":[0,4]},"_coverageSchema":"1a1c01bbd47fc00a2c39e90264f33305004495a9","hash":"94c018389cc38aa8bf9a7410d83eed1b390f43cf"}
}
