TN:
SF:app.js
FN:36,(anonymous_0)
FN:51,(anonymous_1)
FNF:2
FNH:0
FNDA:0,(anonymous_0)
FNDA:0,(anonymous_1)
DA:1,6
DA:2,6
DA:3,6
DA:4,6
DA:5,6
DA:6,6
DA:9,6
DA:10,6
DA:11,6
DA:12,6
DA:13,6
DA:14,6
DA:15,6
DA:16,6
DA:17,6
DA:19,6
DA:20,6
DA:22,6
DA:23,0
DA:24,0
DA:26,6
DA:27,6
DA:30,6
DA:31,6
DA:34,6
DA:36,6
DA:37,0
DA:40,6
DA:41,6
DA:42,6
DA:43,6
DA:44,6
DA:45,6
DA:46,6
DA:47,6
DA:48,6
DA:51,6
DA:52,0
DA:55,6
DA:57,6
LF:40
LH:36
BRDA:22,0,0,0
BRDA:22,0,1,6
BRF:2
BRH:1
end_of_record
TN:
SF:controllers\dailies.js
FN:10,(anonymous_0)
FN:26,(anonymous_1)
FN:69,(anonymous_2)
FN:84,(anonymous_3)
FN:125,(anonymous_4)
FN:145,(anonymous_5)
FNF:6
FNH:6
FNDA:9,(anonymous_0)
FNDA:3,(anonymous_1)
FNDA:1,(anonymous_2)
FNDA:3,(anonymous_3)
FNDA:1,(anonymous_4)
FNDA:1,(anonymous_5)
DA:1,6
DA:2,6
DA:3,6
DA:4,6
DA:5,6
DA:6,6
DA:7,6
DA:10,6
DA:11,9
DA:12,9
DA:13,0
DA:16,9
DA:17,9
DA:18,9
DA:19,9
DA:21,0
DA:26,6
DA:27,3
DA:28,3
DA:29,3
DA:32,3
DA:33,1
DA:37,2
DA:38,2
DA:39,1
DA:43,1
DA:53,1
DA:56,1
DA:62,1
DA:64,0
DA:69,6
DA:70,1
DA:71,1
DA:72,1
DA:73,0
DA:76,1
DA:77,1
DA:79,0
DA:84,6
DA:85,3
DA:86,3
DA:87,3
DA:88,3
DA:91,3
DA:92,1
DA:96,2
DA:97,2
DA:98,1
DA:102,1
DA:103,1
DA:105,1
DA:106,0
DA:108,1
DA:109,1
DA:111,1
DA:112,1
DA:116,1
DA:118,1
DA:120,0
DA:125,6
DA:126,1
DA:127,1
DA:128,1
DA:131,1
DA:132,1
DA:133,0
DA:137,1
DA:138,1
DA:140,0
DA:145,6
DA:146,1
DA:147,1
DA:148,1
DA:151,1
DA:152,1
DA:153,0
DA:157,1
DA:158,0
DA:162,1
DA:165,1
DA:168,1
DA:175,1
DA:177,1
DA:179,0
DA:183,6
LF:85
LH:73
BRDA:12,0,0,0
BRDA:12,0,1,9
BRDA:32,1,0,1
BRDA:32,1,1,2
BRDA:32,2,0,3
BRDA:32,2,1,3
BRDA:32,2,2,2
BRDA:32,2,3,2
BRDA:32,2,4,2
BRDA:38,3,0,1
BRDA:38,3,1,1
BRDA:72,4,0,0
BRDA:72,4,1,1
BRDA:91,5,0,1
BRDA:91,5,1,2
BRDA:91,6,0,3
BRDA:91,6,1,1
BRDA:91,6,2,1
BRDA:91,6,3,1
BRDA:97,7,0,1
BRDA:97,7,1,1
BRDA:102,8,0,1
BRDA:102,8,1,0
BRDA:105,9,0,0
BRDA:105,9,1,1
BRDA:108,10,0,1
BRDA:108,10,1,0
BRDA:111,11,0,1
BRDA:111,11,1,0
BRDA:132,12,0,0
BRDA:132,12,1,1
BRDA:152,13,0,0
BRDA:152,13,1,1
BRDA:157,14,0,0
BRDA:157,14,1,1
BRF:35
BRH:26
end_of_record
TN:
SF:controllers\habits.js
FN:10,(anonymous_0)
FN:27,(anonymous_1)
FN:70,(anonymous_2)
FN:86,(anonymous_3)
FN:122,(anonymous_4)
FN:143,(anonymous_5)
FN:174,(anonymous_6)
FNF:7
FNH:7
FNDA:12,(anonymous_0)
FNDA:4,(anonymous_1)
FNDA:1,(anonymous_2)
FNDA:3,(anonymous_3)
FNDA:2,(anonymous_4)
FNDA:1,(anonymous_5)
FNDA:1,(anonymous_6)
DA:1,6
DA:2,6
DA:3,6
DA:4,6
DA:5,6
DA:6,6
DA:7,6
DA:10,6
DA:11,12
DA:12,12
DA:13,0
DA:16,12
DA:17,12
DA:18,12
DA:19,12
DA:21,0
DA:27,6
DA:28,4
DA:29,4
DA:30,4
DA:33,4
DA:34,1
DA:38,3
DA:39,3
DA:40,1
DA:44,2
DA:50,2
DA:51,2
DA:54,2
DA:56,2
DA:62,2
DA:64,0
DA:70,6
DA:71,1
DA:72,1
DA:73,1
DA:74,0
DA:77,1
DA:78,1
DA:80,0
DA:86,6
DA:87,3
DA:88,3
DA:89,3
DA:90,3
DA:93,3
DA:94,1
DA:98,2
DA:99,2
DA:100,1
DA:104,1
DA:105,1
DA:107,1
DA:108,1
DA:112,1
DA:114,1
DA:116,0
DA:122,6
DA:123,2
DA:124,2
DA:125,2
DA:128,2
DA:129,2
DA:130,1
DA:134,1
DA:135,1
DA:137,0
DA:143,6
DA:144,1
DA:145,1
DA:146,1
DA:149,1
DA:150,1
DA:151,0
DA:155,1
DA:156,1
DA:158,1
DA:165,1
DA:167,1
DA:169,0
DA:174,6
DA:175,1
DA:176,1
DA:177,1
DA:180,1
DA:181,1
DA:182,0
DA:186,1
DA:187,1
DA:190,1
DA:192,1
DA:194,0
DA:199,6
LF:93
LH:82
BRDA:12,0,0,0
BRDA:12,0,1,12
BRDA:33,1,0,1
BRDA:33,1,1,3
BRDA:33,2,0,4
BRDA:33,2,1,4
BRDA:33,2,2,3
BRDA:39,3,0,1
BRDA:39,3,1,2
BRDA:50,4,0,2
BRDA:50,4,1,0
BRDA:73,5,0,0
BRDA:73,5,1,1
BRDA:93,6,0,1
BRDA:93,6,1,2
BRDA:93,7,0,3
BRDA:93,7,1,1
BRDA:99,8,0,1
BRDA:99,8,1,1
BRDA:104,9,0,1
BRDA:104,9,1,0
BRDA:107,10,0,1
BRDA:107,10,1,0
BRDA:129,11,0,1
BRDA:129,11,1,1
BRDA:150,12,0,0
BRDA:150,12,1,1
BRDA:181,13,0,0
BRDA:181,13,1,1
BRF:29
BRH:22
end_of_record
TN:
SF:controllers\histories.js
FN:6,(anonymous_0)
FNF:1
FNH:1
FNDA:2,(anonymous_0)
DA:1,6
DA:2,6
DA:3,6
DA:6,6
DA:7,2
DA:8,2
DA:11,2
DA:13,2
DA:14,1
DA:17,1
DA:19,0
DA:23,6
LF:12
LH:11
BRDA:13,0,0,1
BRDA:13,0,1,1
BRF:2
BRH:2
end_of_record
TN:
SF:controllers\login.js
FN:6,(anonymous_0)
FNF:1
FNH:1
FNDA:8,(anonymous_0)
DA:1,6
DA:2,6
DA:3,6
DA:4,6
DA:6,6
DA:7,8
DA:9,8
DA:10,0
DA:16,8
DA:17,8
DA:20,0
DA:23,8
DA:27,8
DA:28,1
DA:33,7
DA:38,7
DA:44,7
DA:49,6
LF:18
LH:16
BRDA:9,0,0,0
BRDA:9,0,1,8
BRDA:9,1,0,8
BRDA:9,1,1,0
BRDA:16,2,0,8
BRDA:16,2,1,0
BRDA:23,3,0,1
BRDA:23,3,1,7
BRDA:27,4,0,1
BRDA:27,4,1,7
BRDA:27,5,0,8
BRDA:27,5,1,7
BRF:12
BRH:9
end_of_record
TN:
SF:controllers\profiles.js
FN:8,(anonymous_0)
FN:24,(anonymous_1)
FN:36,(anonymous_2)
FN:50,(anonymous_3)
FN:64,(anonymous_4)
FNF:5
FNH:0
FNDA:0,(anonymous_0)
FNDA:0,(anonymous_1)
FNDA:0,(anonymous_2)
FNDA:0,(anonymous_3)
FNDA:0,(anonymous_4)
DA:1,6
DA:2,6
DA:3,6
DA:4,6
DA:8,6
DA:9,0
DA:10,0
DA:11,0
DA:14,0
DA:15,0
DA:16,0
DA:17,0
DA:19,0
DA:24,6
DA:25,0
DA:26,0
DA:28,0
DA:29,0
DA:31,0
DA:36,6
DA:37,0
DA:38,0
DA:40,0
DA:41,0
DA:44,0
DA:45,0
DA:46,0
DA:50,6
DA:51,0
DA:52,0
DA:54,0
DA:56,0
DA:57,0
DA:59,0
DA:64,6
DA:65,0
DA:67,0
DA:69,0
DA:70,0
DA:72,0
DA:76,6
LF:41
LH:10
BRDA:10,0,0,0
BRDA:10,0,1,0
BRDA:28,1,0,0
BRDA:28,1,1,0
BRDA:40,2,0,0
BRDA:40,2,1,0
BRDA:56,3,0,0
BRDA:56,3,1,0
BRDA:69,4,0,0
BRDA:69,4,1,0
BRF:10
BRH:0
end_of_record
TN:
SF:controllers\rewards.js
FN:9,(anonymous_0)
FN:25,(anonymous_1)
FN:39,(anonymous_2)
FN:71,(anonymous_3)
FN:105,(anonymous_4)
FN:123,(anonymous_5)
FNF:6
FNH:6
FNDA:5,(anonymous_0)
FNDA:1,(anonymous_1)
FNDA:1,(anonymous_2)
FNDA:1,(anonymous_3)
FNDA:1,(anonymous_4)
FNDA:1,(anonymous_5)
DA:1,6
DA:2,6
DA:3,6
DA:4,6
DA:5,6
DA:6,6
DA:9,6
DA:10,5
DA:11,5
DA:12,0
DA:15,5
DA:16,5
DA:17,5
DA:18,5
DA:20,0
DA:25,6
DA:26,1
DA:27,1
DA:28,1
DA:29,0
DA:31,1
DA:32,1
DA:34,0
DA:39,6
DA:40,1
DA:41,1
DA:42,1
DA:44,1
DA:45,0
DA:48,1
DA:55,1
DA:58,1
DA:64,1
DA:66,0
DA:71,6
DA:72,1
DA:73,1
DA:74,1
DA:75,1
DA:77,1
DA:78,0
DA:81,1
DA:82,1
DA:83,0
DA:86,1
DA:87,1
DA:89,1
DA:90,1
DA:92,1
DA:93,1
DA:96,1
DA:98,1
DA:100,0
DA:105,6
DA:106,1
DA:107,1
DA:108,1
DA:110,1
DA:111,1
DA:112,0
DA:115,1
DA:116,1
DA:118,0
DA:123,6
DA:124,1
DA:125,1
DA:126,1
DA:129,1
DA:130,1
DA:131,0
DA:135,1
DA:138,1
DA:141,1
DA:147,1
DA:149,0
DA:153,6
LF:76
LH:63
BRDA:11,0,0,0
BRDA:11,0,1,5
BRDA:28,1,0,0
BRDA:28,1,1,1
BRDA:44,2,0,0
BRDA:44,2,1,1
BRDA:44,3,0,1
BRDA:44,3,1,1
BRDA:44,3,2,1
BRDA:77,4,0,0
BRDA:77,4,1,1
BRDA:77,5,0,1
BRDA:77,5,1,0
BRDA:77,5,2,0
BRDA:82,6,0,0
BRDA:82,6,1,1
BRDA:86,7,0,1
BRDA:86,7,1,0
BRDA:89,8,0,1
BRDA:89,8,1,0
BRDA:92,9,0,1
BRDA:92,9,1,0
BRDA:111,10,0,0
BRDA:111,10,1,1
BRDA:130,11,0,0
BRDA:130,11,1,1
BRF:26
BRH:14
end_of_record
TN:
SF:controllers\shop.js
FN:8,(anonymous_0)
FN:24,(anonymous_1)
FN:25,(anonymous_2)
FN:30,(anonymous_3)
FN:49,(anonymous_4)
FN:62,(anonymous_5)
FN:65,(anonymous_6)
FNF:7
FNH:0
FNDA:0,(anonymous_0)
FNDA:0,(anonymous_1)
FNDA:0,(anonymous_2)
FNDA:0,(anonymous_3)
FNDA:0,(anonymous_4)
FNDA:0,(anonymous_5)
FNDA:0,(anonymous_6)
DA:1,6
DA:2,6
DA:3,6
DA:8,6
DA:9,0
DA:10,0
DA:11,0
DA:14,0
DA:15,0
DA:16,0
DA:17,0
DA:19,0
DA:24,6
DA:25,0
DA:26,0
DA:30,6
DA:31,0
DA:33,0
DA:34,0
DA:35,0
DA:38,0
DA:39,0
DA:44,0
DA:49,6
DA:50,0
DA:52,0
DA:61,0
DA:63,0
DA:65,0
DA:72,6
LF:30
LH:8
BRDA:10,0,0,0
BRDA:10,0,1,0
BRDA:34,1,0,0
BRDA:34,1,1,0
BRDA:38,2,0,0
BRDA:38,2,1,0
BRF:6
BRH:0
end_of_record
TN:
SF:controllers\todos.js
FN:10,(anonymous_0)
FN:26,(anonymous_1)
FN:57,(anonymous_2)
FN:71,(anonymous_3)
FN:105,(anonymous_4)
FN:123,(anonymous_5)
FNF:6
FNH:6
FNDA:5,(anonymous_0)
FNDA:1,(anonymous_1)
FNDA:1,(anonymous_2)
FNDA:1,(anonymous_3)
FNDA:1,(anonymous_4)
FNDA:1,(anonymous_5)
DA:1,6
DA:2,6
DA:3,6
DA:4,6
DA:5,6
DA:6,6
DA:10,6
DA:11,5
DA:12,5
DA:13,0
DA:16,5
DA:17,5
DA:18,5
DA:19,5
DA:21,0
DA:26,6
DA:27,1
DA:28,1
DA:29,1
DA:31,1
DA:32,0
DA:35,1
DA:42,1
DA:44,1
DA:50,1
DA:52,0
DA:57,6
DA:58,1
DA:59,1
DA:60,1
DA:61,0
DA:63,1
DA:64,1
DA:66,0
DA:71,6
DA:72,1
DA:73,1
DA:74,1
DA:75,1
DA:77,1
DA:78,0
DA:81,1
DA:82,1
DA:83,0
DA:86,1
DA:87,1
DA:89,1
DA:90,1
DA:92,1
DA:93,1
DA:96,1
DA:98,1
DA:100,0
DA:105,6
DA:106,1
DA:107,1
DA:108,1
DA:110,1
DA:111,1
DA:112,0
DA:115,1
DA:116,1
DA:118,0
DA:123,6
DA:124,1
DA:125,1
DA:126,1
DA:129,1
DA:130,1
DA:131,0
DA:135,1
DA:136,0
DA:140,1
DA:143,1
DA:146,1
DA:153,1
DA:155,1
DA:157,0
DA:161,6
LF:79
LH:65
BRDA:12,0,0,0
BRDA:12,0,1,5
BRDA:31,1,0,0
BRDA:31,1,1,1
BRDA:31,2,0,1
BRDA:31,2,1,1
BRDA:60,3,0,0
BRDA:60,3,1,1
BRDA:77,4,0,0
BRDA:77,4,1,1
BRDA:77,5,0,1
BRDA:77,5,1,0
BRDA:77,5,2,0
BRDA:82,6,0,0
BRDA:82,6,1,1
BRDA:86,7,0,1
BRDA:86,7,1,0
BRDA:89,8,0,1
BRDA:89,8,1,0
BRDA:92,9,0,1
BRDA:92,9,1,0
BRDA:111,10,0,0
BRDA:111,10,1,1
BRDA:130,11,0,0
BRDA:130,11,1,1
BRDA:135,12,0,0
BRDA:135,12,1,1
BRF:27
BRH:14
end_of_record
TN:
SF:controllers\users.js
FN:7,(anonymous_0)
FN:13,(anonymous_1)
FNF:2
FNH:1
FNDA:0,(anonymous_0)
FNDA:6,(anonymous_1)
DA:1,6
DA:2,6
DA:3,6
DA:4,6
DA:7,6
DA:8,0
DA:10,0
DA:13,6
DA:14,6
DA:16,6
DA:17,0
DA:19,6
DA:20,0
DA:23,6
DA:24,6
DA:25,0
DA:28,6
DA:29,6
DA:31,6
DA:37,6
DA:40,6
DA:48,6
DA:50,6
DA:58,6
LF:24
LH:19
BRDA:16,0,0,0
BRDA:16,0,1,6
BRDA:16,1,0,6
BRDA:16,1,1,6
BRDA:19,2,0,0
BRDA:19,2,1,6
BRDA:19,3,0,6
BRDA:19,3,1,6
BRDA:24,4,0,0
BRDA:24,4,1,6
BRDA:24,5,0,6
BRDA:24,5,1,6
BRF:12
BRH:9
end_of_record
TN:
SF:models\daily.js
FNF:0
FNH:0
DA:1,6
DA:3,6
DA:39,6
DA:41,6
LF:4
LH:4
BRF:0
BRH:0
end_of_record
TN:
SF:models\habit.js
FN:31,(anonymous_0)
FN:38,(anonymous_1)
FNF:2
FNH:2
FNDA:5,(anonymous_0)
FNDA:5,(anonymous_1)
DA:1,6
DA:3,6
DA:27,6
DA:32,5
DA:39,5
DA:44,6
DA:46,6
LF:7
LH:7
BRDA:32,0,0,5
BRDA:32,0,1,0
BRDA:39,1,0,5
BRDA:39,1,1,5
BRF:4
BRH:3
end_of_record
TN:
SF:models\history.js
FNF:0
FNH:0
DA:1,6
DA:3,6
DA:42,6
DA:44,6
LF:4
LH:4
BRF:0
BRH:0
end_of_record
TN:
SF:models\profile.js
FN:29,(anonymous_0)
FNF:1
FNH:1
FNDA:4,(anonymous_0)
DA:1,6
DA:3,6
DA:28,6
DA:30,4
DA:31,4
DA:32,4
DA:36,6
DA:37,6
LF:8
LH:8
BRF:0
BRH:0
end_of_record
TN:
SF:models\reward.js
FNF:0
FNH:0
DA:1,6
DA:3,6
DA:30,6
DA:32,6
LF:4
LH:4
BRF:0
BRH:0
end_of_record
TN:
SF:models\shopItem.js
FNF:0
FNH:0
DA:1,6
DA:3,6
DA:29,6
DA:31,6
LF:4
LH:4
BRF:0
BRH:0
end_of_record
TN:
SF:models\todo.js
FNF:0
FNH:0
DA:1,6
DA:3,6
DA:29,6
DA:31,6
LF:4
LH:4
BRF:0
BRH:0
end_of_record
TN:
SF:models\user.js
FN:17,(anonymous_0)
FNF:1
FNH:1
FNDA:6,(anonymous_0)
DA:1,6
DA:2,6
DA:4,6
DA:14,6
DA:16,6
DA:18,6
DA:19,6
DA:20,6
DA:21,6
DA:25,6
DA:26,6
LF:11
LH:11
BRF:0
BRH:0
end_of_record
TN:
SF:utils\config.js
FNF:0
FNH:0
DA:1,6
DA:3,6
DA:4,6
DA:5,6
DA:6,6
DA:8,6
LF:6
LH:6
BRF:0
BRH:0
end_of_record
TN:
SF:utils\logger.js
FN:1,(anonymous_0)
FN:5,(anonymous_1)
FNF:2
FNH:0
FNDA:0,(anonymous_0)
FNDA:0,(anonymous_1)
DA:1,6
DA:2,0
DA:5,6
DA:6,0
DA:9,6
LF:5
LH:3
BRF:0
BRH:0
end_of_record
TN:
SF:utils\middleware.js
FN:4,(anonymous_0)
FN:8,(anonymous_1)
FNF:2
FNH:0
FNDA:0,(anonymous_0)
FNDA:0,(anonymous_1)
DA:1,6
DA:4,6
DA:5,0
DA:8,6
DA:9,0
DA:11,0
DA:12,0
DA:13,0
DA:14,0
DA:15,0
DA:16,0
DA:17,0
DA:18,0
DA:20,0
DA:25,6
LF:15
LH:4
BRDA:11,0,0,0
BRDA:11,0,1,0
BRDA:13,1,0,0
BRDA:13,1,1,0
BRDA:15,2,0,0
BRDA:15,2,1,0
BRDA:17,3,0,0
BRDA:17,3,1,0
BRF:8
BRH:0
end_of_record
TN:
SF:utils\profileHelpers.js
FN:4,updateProfileAfterTaskCompletion
FNF:1
FNH:1
FNDA:4,updateProfileAfterTaskCompletion
DA:1,6
DA:6,4
DA:7,4
DA:8,0
DA:12,4
DA:19,4
DA:20,4
DA:21,0
DA:25,4
DA:26,4
DA:27,4
DA:30,4
DA:31,0
DA:32,0
DA:33,0
DA:37,4
DA:39,4
DA:42,6
LF:18
LH:13
BRDA:7,0,0,0
BRDA:7,0,1,4
BRDA:20,1,0,0
BRDA:20,1,1,4
BRDA:30,2,0,0
BRDA:30,2,1,4
BRF:6
BRH:3
end_of_record
